#
# There is insufficient memory for the Java Runtime Environment to continue.
# Native memory allocation (malloc) failed to allocate 56896 bytes for Chunk::new
# Possible reasons:
#   The system is out of physical RAM or swap space
#   The process is running with CompressedOops enabled, and the Java Heap may be blocking the growth of the native heap
# Possible solutions:
#   Reduce memory load on the system
#   Increase physical memory or swap space
#   Check if swap backing store is full
#   Decrease Java heap size (-Xmx/-Xms)
#   Decrease number of Java threads
#   Decrease Java thread stack sizes (-Xss)
#   Set larger code cache with -XX:ReservedCodeCacheSize=
#   JVM is running with Unscaled Compressed Oops mode in which the Java heap is
#     placed in the first 4GB address space. The Java Heap base address is the
#     maximum limit for the native heap growth. Please use -XX:HeapBaseMinAddress
#     to set the Java Heap base and to place the Java Heap above 4GB virtual address.
# This output file may be truncated or incomplete.
#
#  Out of Memory Error (./src/hotspot/share/memory/arena.cpp:197), pid=1736, tid=7900
#
# JRE version: OpenJDK Runtime Environment (11.0.10) (build 11.0.10+0-b96-7249189)
# Java VM: OpenJDK 64-Bit Server VM (11.0.10+0-b96-7249189, mixed mode, tiered, compressed oops, g1 gc, windows-amd64)
# No core dump will be written. Minidumps are not enabled by default on client versions of Windows
#

---------------  S U M M A R Y ------------

Command Line: --add-opens=java.base/java.util=ALL-UNNAMED --add-opens=java.base/java.lang=ALL-UNNAMED --add-opens=java.base/java.lang.invoke=ALL-UNNAMED --add-opens=java.prefs/java.util.prefs=ALL-UNNAMED -Xmx2048m -Dfile.encoding=GBK -Duser.country -Duser.language=en -Duser.variant org.gradle.launcher.daemon.bootstrap.GradleDaemon 6.5

Host: AMD Ryzen 5 1600 Six-Core Processor            , 12 cores, 15G,  Windows 10 , 64 bit Build 19041 (10.0.19041.1202)
Time: Thu Jun 30 14:10:30 2022 中国标准时间 elapsed time: 32.232277 seconds (0d 0h 0m 32s)

---------------  T H R E A D  ---------------

Current thread (0x000002c2f1557000):  JavaThread "C2 CompilerThread0" daemon [_thread_in_native, id=7900, stack(0x000000e89e800000,0x000000e89e900000)]


Current CompileTask:
C2:  32232 4085       4       java.util.WeakHashMap$HashIterator::hasNext (95 bytes)

Stack: [0x000000e89e800000,0x000000e89e900000]
Native frames: (J=compiled Java code, j=interpreted, Vv=VM code, C=native code)
V  [jvm.dll+0x5ecfaa]
V  [jvm.dll+0x722bd5]
V  [jvm.dll+0x72412d]
V  [jvm.dll+0x7247e3]
V  [jvm.dll+0x242928]
V  [jvm.dll+0xbc4fc]
V  [jvm.dll+0xbca0c]
V  [jvm.dll+0x2b4fd4]
V  [jvm.dll+0x506028]
V  [jvm.dll+0x1fcbde]
V  [jvm.dll+0x1fa77f]
V  [jvm.dll+0x18354c]
V  [jvm.dll+0x208ee7]
V  [jvm.dll+0x207731]
V  [jvm.dll+0x6eb1cf]
V  [jvm.dll+0x6e3d45]
V  [jvm.dll+0x5ebe96]
C  [ucrtbase.dll+0x21bb2]
C  [KERNEL32.DLL+0x17034]
C  [ntdll.dll+0x52651]


---------------  P R O C E S S  ---------------

Threads class SMR info:
_java_thread_list=0x000002c2f2ed7bc0, length=49, elements={
0x000002c2d43fb000, 0x000002c2f14d6800, 0x000002c2f14d8800, 0x000002c2f154d000,
0x000002c2f1550000, 0x000002c2f1552800, 0x000002c2f1557000, 0x000002c2f155c000,
0x000002c2f155f800, 0x000002c2f16e1000, 0x000002c2f2c3f800, 0x000002c2f1844800,
0x000002c2f2473000, 0x000002c2f3471800, 0x000002c2f2869000, 0x000002c2f390c000,
0x000002c2f3908000, 0x000002c2f390c800, 0x000002c2f390d800, 0x000002c2f3909800,
0x000002c2f390a000, 0x000002c2f390b000, 0x000002c2f3e42800, 0x000002c2f3e43800,
0x000002c2f3e41800, 0x000002c2f3e44000, 0x000002c2f3e46000, 0x000002c2f3e45000,
0x000002c2f3e46800, 0x000002c2f3e41000, 0x000002c2f3e4c800, 0x000002c2f3e4a000,
0x000002c2f3e4d000, 0x000002c2f3e48000, 0x000002c2f3e49000, 0x000002c2f3e4a800,
0x000002c2f3e4b800, 0x000002c2f3e47800, 0x000002c2f7435000, 0x000002c2f742f800,
0x000002c2f7433800, 0x000002c2f7430000, 0x000002c2f7436000, 0x000002c2f7431000,
0x000002c2f7436800, 0x000002c2f7437800, 0x000002c2f7432000, 0x000002c2f7438800,
0x000002c2f743b000
}

Java Threads: ( => current thread )
  0x000002c2d43fb000 JavaThread "main" [_thread_blocked, id=16440, stack(0x000000e89dc00000,0x000000e89dd00000)]
  0x000002c2f14d6800 JavaThread "Reference Handler" daemon [_thread_blocked, id=14300, stack(0x000000e89e300000,0x000000e89e400000)]
  0x000002c2f14d8800 JavaThread "Finalizer" daemon [_thread_blocked, id=1776, stack(0x000000e89e400000,0x000000e89e500000)]
  0x000002c2f154d000 JavaThread "Signal Dispatcher" daemon [_thread_blocked, id=3140, stack(0x000000e89e500000,0x000000e89e600000)]
  0x000002c2f1550000 JavaThread "Attach Listener" daemon [_thread_blocked, id=2384, stack(0x000000e89e600000,0x000000e89e700000)]
  0x000002c2f1552800 JavaThread "Service Thread" daemon [_thread_blocked, id=10304, stack(0x000000e89e700000,0x000000e89e800000)]
=>0x000002c2f1557000 JavaThread "C2 CompilerThread0" daemon [_thread_in_native, id=7900, stack(0x000000e89e800000,0x000000e89e900000)]
  0x000002c2f155c000 JavaThread "C1 CompilerThread0" daemon [_thread_blocked, id=6248, stack(0x000000e89e900000,0x000000e89ea00000)]
  0x000002c2f155f800 JavaThread "Sweeper thread" daemon [_thread_blocked, id=12612, stack(0x000000e89ea00000,0x000000e89eb00000)]
  0x000002c2f16e1000 JavaThread "Common-Cleaner" daemon [_thread_blocked, id=13748, stack(0x000000e89eb00000,0x000000e89ec00000)]
  0x000002c2f2c3f800 JavaThread "Daemon health stats" [_thread_blocked, id=16304, stack(0x000000e89f400000,0x000000e89f500000)]
  0x000002c2f1844800 JavaThread "Incoming local TCP Connector on port 64820" [_thread_in_native, id=4036, stack(0x000000e89f500000,0x000000e89f600000)]
  0x000002c2f2473000 JavaThread "Daemon periodic checks" [_thread_blocked, id=13440, stack(0x000000e89f600000,0x000000e89f700000)]
  0x000002c2f3471800 JavaThread "Daemon" [_thread_blocked, id=15632, stack(0x000000e89f700000,0x000000e89f800000)]
  0x000002c2f2869000 JavaThread "Daemon worker" [_thread_in_native, id=18200, stack(0x000000e89fa00000,0x000000e89fb00000)]
  0x000002c2f390c000 JavaThread "Cache worker for journal cache (G:\android\.gradle\caches\journal-1)" [_thread_blocked, id=17140, stack(0x000000e89fe00000,0x000000e89ff00000)]
  0x000002c2f3908000 JavaThread "File lock request listener" [_thread_in_native, id=7048, stack(0x000000e89ff00000,0x000000e8a0000000)]
  0x000002c2f390c800 JavaThread "Cache worker for file hash cache (G:\android\.gradle\caches\6.5\fileHashes)" [_thread_blocked, id=15448, stack(0x000000e8a0000000,0x000000e8a0100000)]
  0x000002c2f390d800 JavaThread "jar transforms" [_thread_blocked, id=7356, stack(0x000000e8a0a00000,0x000000e8a0b00000)]
  0x000002c2f3909800 JavaThread "jar transforms Thread 2" [_thread_blocked, id=16920, stack(0x000000e8a0b00000,0x000000e8a0c00000)]
  0x000002c2f390a000 JavaThread "jar transforms Thread 3" [_thread_blocked, id=16140, stack(0x000000e8a0c00000,0x000000e8a0d00000)]
  0x000002c2f390b000 JavaThread "jar transforms Thread 4" [_thread_blocked, id=4584, stack(0x000000e8a0d00000,0x000000e8a0e00000)]
  0x000002c2f3e42800 JavaThread "jar transforms Thread 5" [_thread_blocked, id=10056, stack(0x000000e8a0e00000,0x000000e8a0f00000)]
  0x000002c2f3e43800 JavaThread "jar transforms Thread 6" [_thread_blocked, id=5964, stack(0x000000e8a0f00000,0x000000e8a1000000)]
  0x000002c2f3e41800 JavaThread "jar transforms Thread 7" [_thread_blocked, id=7040, stack(0x000000e8a1000000,0x000000e8a1100000)]
  0x000002c2f3e44000 JavaThread "jar transforms Thread 8" [_thread_blocked, id=9912, stack(0x000000e8a1100000,0x000000e8a1200000)]
  0x000002c2f3e46000 JavaThread "jar transforms Thread 9" [_thread_blocked, id=3796, stack(0x000000e8a1200000,0x000000e8a1300000)]
  0x000002c2f3e45000 JavaThread "jar transforms Thread 10" [_thread_blocked, id=4176, stack(0x000000e8a1300000,0x000000e8a1400000)]
  0x000002c2f3e46800 JavaThread "jar transforms Thread 11" [_thread_blocked, id=10720, stack(0x000000e8a1400000,0x000000e8a1500000)]
  0x000002c2f3e41000 JavaThread "jar transforms Thread 12" [_thread_blocked, id=17308, stack(0x000000e8a1500000,0x000000e8a1600000)]
  0x000002c2f3e4c800 JavaThread "jar transforms Thread 13" [_thread_blocked, id=17596, stack(0x000000e8a1600000,0x000000e8a1700000)]
  0x000002c2f3e4a000 JavaThread "jar transforms Thread 14" [_thread_blocked, id=5540, stack(0x000000e8a0900000,0x000000e8a0a00000)]
  0x000002c2f3e4d000 JavaThread "jar transforms Thread 15" [_thread_blocked, id=8756, stack(0x000000e8a0700000,0x000000e8a0800000)]
  0x000002c2f3e48000 JavaThread "jar transforms Thread 16" [_thread_blocked, id=16084, stack(0x000000e8a1700000,0x000000e8a1800000)]
  0x000002c2f3e49000 JavaThread "jar transforms Thread 17" [_thread_blocked, id=12540, stack(0x000000e8a1800000,0x000000e8a1900000)]
  0x000002c2f3e4a800 JavaThread "jar transforms Thread 18" [_thread_blocked, id=5436, stack(0x000000e8a1900000,0x000000e8a1a00000)]
  0x000002c2f3e4b800 JavaThread "jar transforms Thread 19" [_thread_blocked, id=12616, stack(0x000000e8a1a00000,0x000000e8a1b00000)]
  0x000002c2f3e47800 JavaThread "jar transforms Thread 20" [_thread_blocked, id=9880, stack(0x000000e8a1b00000,0x000000e8a1c00000)]
  0x000002c2f7435000 JavaThread "Cache worker for execution history cache (G:\android\.gradle\caches\6.5\executionHistory)" [_thread_blocked, id=16904, stack(0x000000e8a2000000,0x000000e8a2100000)]
  0x000002c2f742f800 JavaThread "Cache worker for file content cache (G:\android\.gradle\caches\6.5\fileContent)" [_thread_blocked, id=8532, stack(0x000000e8a2100000,0x000000e8a2200000)]
  0x000002c2f7433800 JavaThread "Handler for socket connection from /127.0.0.1:64820 to /127.0.0.1:64904" [_thread_in_native, id=4496, stack(0x000000e89f800000,0x000000e89f900000)]
  0x000002c2f7430000 JavaThread "Cancel handler" [_thread_blocked, id=7648, stack(0x000000e89f900000,0x000000e89fa00000)]
  0x000002c2f7436000 JavaThread "Asynchronous log dispatcher for DefaultDaemonConnection: socket connection from /127.0.0.1:64820 to /127.0.0.1:64904" [_thread_blocked, id=11880, stack(0x000000e89fb00000,0x000000e89fc00000)]
  0x000002c2f7431000 JavaThread "Stdin handler" [_thread_blocked, id=9160, stack(0x000000e89fc00000,0x000000e89fd00000)]
  0x000002c2f7436800 JavaThread "Thread-49" [_thread_blocked, id=4376, stack(0x000000e89fd00000,0x000000e89fe00000)]
  0x000002c2f7437800 JavaThread "Cache worker for file hash cache (E:\code\android\AndroidProject\.gradle\6.5\fileHashes)" [_thread_blocked, id=17532, stack(0x000000e8a0800000,0x000000e8a0900000)]
  0x000002c2f7432000 JavaThread "Cache worker for checksums cache (E:\code\android\AndroidProject\.gradle\checksums)" [_thread_blocked, id=12700, stack(0x000000e8a1c00000,0x000000e8a1d00000)]
  0x000002c2f7438800 JavaThread "Cache worker for cache directory md-supplier (G:\android\.gradle\caches\6.5\md-supplier)" [_thread_blocked, id=5516, stack(0x000000e8a1d00000,0x000000e8a1e00000)]
  0x000002c2f743b000 JavaThread "Cache worker for cache directory md-rule (G:\android\.gradle\caches\6.5\md-rule)" [_thread_blocked, id=15316, stack(0x000000e8a1e00000,0x000000e8a1f00000)]

Other Threads:
  0x000002c2f14d4000 VMThread "VM Thread" [stack: 0x000000e89e200000,0x000000e89e300000] [id=13860]
  0x000002c2f1709800 WatcherThread [stack: 0x000000e89ec00000,0x000000e89ed00000] [id=16040]
  0x000002c2d4414800 GCTaskThread "GC Thread#0" [stack: 0x000000e89dd00000,0x000000e89de00000] [id=11540]
  0x000002c2f212c000 GCTaskThread "GC Thread#1" [stack: 0x000000e89ee00000,0x000000e89ef00000] [id=15052]
  0x000002c2f212d000 GCTaskThread "GC Thread#2" [stack: 0x000000e89ef00000,0x000000e89f000000] [id=6940]
  0x000002c2f215e800 GCTaskThread "GC Thread#3" [stack: 0x000000e89f000000,0x000000e89f100000] [id=9940]
  0x000002c2f215f800 GCTaskThread "GC Thread#4" [stack: 0x000000e89f100000,0x000000e89f200000] [id=16568]
  0x000002c2f1c3c800 GCTaskThread "GC Thread#5" [stack: 0x000000e89f200000,0x000000e89f300000] [id=13432]
  0x000002c2f2d02000 GCTaskThread "GC Thread#6" [stack: 0x000000e8a0100000,0x000000e8a0200000] [id=17028]
  0x000002c2f2c34800 GCTaskThread "GC Thread#7" [stack: 0x000000e8a0200000,0x000000e8a0300000] [id=15600]
  0x000002c2f3442000 GCTaskThread "GC Thread#8" [stack: 0x000000e8a0300000,0x000000e8a0400000] [id=17164]
  0x000002c2f38a8800 GCTaskThread "GC Thread#9" [stack: 0x000000e8a0400000,0x000000e8a0500000] [id=2932]
  0x000002c2d4445000 ConcurrentGCThread "G1 Main Marker" [stack: 0x000000e89de00000,0x000000e89df00000] [id=15848]
  0x000002c2d4447800 ConcurrentGCThread "G1 Conc#0" [stack: 0x000000e89df00000,0x000000e89e000000] [id=7768]
  0x000002c2f1fc1000 ConcurrentGCThread "G1 Conc#1" [stack: 0x000000e8a0500000,0x000000e8a0600000] [id=7400]
  0x000002c2f1fc1800 ConcurrentGCThread "G1 Conc#2" [stack: 0x000000e8a0600000,0x000000e8a0700000] [id=6264]
  0x000002c2d44dd800 ConcurrentGCThread "G1 Refine#0" [stack: 0x000000e89e000000,0x000000e89e100000] [id=4792]
  0x000002c2fbd16000 ConcurrentGCThread "G1 Refine#1" [stack: 0x000000e8a1f00000,0x000000e8a2000000] [id=15868]
  0x000002c2807cb800 ConcurrentGCThread "G1 Refine#2" [stack: 0x000000e8a2300000,0x000000e8a2400000] [id=8480]
  0x000002c2809af800 ConcurrentGCThread "G1 Refine#3" [stack: 0x000000e8a2400000,0x000000e8a2500000] [id=7600]
  0x000002c2f0b1e800 ConcurrentGCThread "G1 Young RemSet Sampling" [stack: 0x000000e89e100000,0x000000e89e200000] [id=15444]

Threads with active compile tasks:
C2 CompilerThread0  32252 4085       4       java.util.WeakHashMap$HashIterator::hasNext (95 bytes)

VM state:not at safepoint (normal execution)

VM Mutex/Monitor currently owned by a thread: None

OutOfMemory and StackOverflow Exception counts:
OutOfMemoryError java_heap_errors=3
LinkageErrors=101

Heap address: 0x0000000080000000, size: 2048 MB, Compressed Oops mode: 32-bit
Narrow klass base: 0x0000000000000000, Narrow klass shift: 3
Compressed class space size: 1073741824 Address: 0x0000000100000000

Heap:
 garbage-first heap   total 262144K, used 108726K [0x0000000080000000, 0x0000000100000000)
  region size 1024K, 31 young (31744K), 14 survivors (14336K)
 Metaspace       used 43697K, capacity 44644K, committed 44956K, reserved 1089536K
  class space    used 5401K, capacity 5747K, committed 5868K, reserved 1048576K
Heap Regions: E=young(eden), S=young(survivor), O=old, HS=humongous(starts), HC=humongous(continues), CS=collection set, F=free, A=archive, TAMS=top-at-mark-start (previous, next)
|   0|0x0000000080000000, 0x0000000080100000, 0x0000000080100000|100%| O|  |TAMS 0x0000000080100000, 0x0000000080000000| Untracked 
|   1|0x0000000080100000, 0x0000000080200000, 0x0000000080200000|100%| O|  |TAMS 0x0000000080200000, 0x0000000080100000| Untracked 
|   2|0x0000000080200000, 0x0000000080300000, 0x0000000080300000|100%| O|  |TAMS 0x0000000080300000, 0x0000000080200000| Untracked 
|   3|0x0000000080300000, 0x0000000080400000, 0x0000000080400000|100%|HS|  |TAMS 0x0000000080400000, 0x0000000080300000| Complete 
|   4|0x0000000080400000, 0x0000000080500000, 0x0000000080500000|100%|HC|  |TAMS 0x0000000080500000, 0x0000000080400000| Complete 
|   5|0x0000000080500000, 0x0000000080600000, 0x0000000080600000|100%|HC|  |TAMS 0x0000000080600000, 0x0000000080500000| Complete 
|   6|0x0000000080600000, 0x0000000080700000, 0x0000000080700000|100%| O|  |TAMS 0x0000000080700000, 0x0000000080600000| Untracked 
|   7|0x0000000080700000, 0x0000000080800000, 0x0000000080800000|100%| O|  |TAMS 0x0000000080800000, 0x0000000080700000| Untracked 
|   8|0x0000000080800000, 0x0000000080900000, 0x0000000080900000|100%| O|  |TAMS 0x0000000080900000, 0x0000000080800000| Untracked 
|   9|0x0000000080900000, 0x0000000080a00000, 0x0000000080a00000|100%| O|  |TAMS 0x0000000080a00000, 0x0000000080900000| Untracked 
|  10|0x0000000080a00000, 0x0000000080b00000, 0x0000000080b00000|100%| O|  |TAMS 0x0000000080b00000, 0x0000000080a00000| Untracked 
|  11|0x0000000080b00000, 0x0000000080c00000, 0x0000000080c00000|100%| O|  |TAMS 0x0000000080c00000, 0x0000000080b00000| Untracked 
|  12|0x0000000080c00000, 0x0000000080d00000, 0x0000000080d00000|100%| O|  |TAMS 0x0000000080d00000, 0x0000000080c00000| Untracked 
|  13|0x0000000080d00000, 0x0000000080e00000, 0x0000000080e00000|100%| O|  |TAMS 0x0000000080e00000, 0x0000000080d00000| Untracked 
|  14|0x0000000080e00000, 0x0000000080f00000, 0x0000000080f00000|100%| O|  |TAMS 0x0000000080f00000, 0x0000000080e00000| Untracked 
|  15|0x0000000080f00000, 0x0000000081000000, 0x0000000081000000|100%| O|  |TAMS 0x0000000081000000, 0x0000000080f00000| Untracked 
|  16|0x0000000081000000, 0x0000000081100000, 0x0000000081100000|100%|HS|  |TAMS 0x0000000081100000, 0x0000000081000000| Complete 
|  17|0x0000000081100000, 0x0000000081200000, 0x0000000081200000|100%|HC|  |TAMS 0x0000000081200000, 0x0000000081100000| Complete 
|  18|0x0000000081200000, 0x0000000081300000, 0x0000000081300000|100%|HS|  |TAMS 0x0000000081300000, 0x0000000081200000| Complete 
|  19|0x0000000081300000, 0x0000000081400000, 0x0000000081400000|100%|HC|  |TAMS 0x0000000081400000, 0x0000000081300000| Complete 
|  20|0x0000000081400000, 0x0000000081500000, 0x0000000081500000|100%|HC|  |TAMS 0x0000000081500000, 0x0000000081400000| Complete 
|  21|0x0000000081500000, 0x0000000081600000, 0x0000000081600000|100%|HS|  |TAMS 0x0000000081600000, 0x0000000081500000| Complete 
|  22|0x0000000081600000, 0x0000000081700000, 0x0000000081700000|100%|HC|  |TAMS 0x0000000081700000, 0x0000000081600000| Complete 
|  23|0x0000000081700000, 0x0000000081800000, 0x0000000081800000|100%|HC|  |TAMS 0x0000000081800000, 0x0000000081700000| Complete 
|  24|0x0000000081800000, 0x0000000081900000, 0x0000000081900000|100%|HC|  |TAMS 0x0000000081900000, 0x0000000081800000| Complete 
|  25|0x0000000081900000, 0x0000000081a00000, 0x0000000081a00000|100%|HC|  |TAMS 0x0000000081a00000, 0x0000000081900000| Complete 
|  26|0x0000000081a00000, 0x0000000081b00000, 0x0000000081b00000|100%| O|  |TAMS 0x0000000081b00000, 0x0000000081a00000| Untracked 
|  27|0x0000000081b00000, 0x0000000081c00000, 0x0000000081c00000|100%| O|  |TAMS 0x0000000081c00000, 0x0000000081b00000| Untracked 
|  28|0x0000000081c00000, 0x0000000081d00000, 0x0000000081d00000|100%| O|  |TAMS 0x0000000081d00000, 0x0000000081c00000| Untracked 
|  29|0x0000000081d00000, 0x0000000081e00000, 0x0000000081e00000|100%| O|  |TAMS 0x0000000081e00000, 0x0000000081d00000| Untracked 
|  30|0x0000000081e00000, 0x0000000081f00000, 0x0000000081f00000|100%| O|  |TAMS 0x0000000081f00000, 0x0000000081e00000| Untracked 
|  31|0x0000000081f00000, 0x0000000082000000, 0x0000000082000000|100%| O|  |TAMS 0x0000000082000000, 0x0000000081f00000| Untracked 
|  32|0x0000000082000000, 0x0000000082100000, 0x0000000082100000|100%| O|  |TAMS 0x0000000082100000, 0x0000000082000000| Untracked 
|  33|0x0000000082100000, 0x0000000082200000, 0x0000000082200000|100%| O|  |TAMS 0x0000000082100000, 0x0000000082100000| Untracked 
|  34|0x0000000082200000, 0x0000000082300000, 0x0000000082300000|100%| O|  |TAMS 0x0000000082200000, 0x0000000082200000| Untracked 
|  35|0x0000000082300000, 0x0000000082400000, 0x0000000082400000|100%| O|  |TAMS 0x0000000082300000, 0x0000000082300000| Untracked 
|  36|0x0000000082400000, 0x0000000082500000, 0x0000000082500000|100%| O|  |TAMS 0x0000000082400000, 0x0000000082400000| Untracked 
|  37|0x0000000082500000, 0x0000000082600000, 0x0000000082600000|100%| O|  |TAMS 0x0000000082500000, 0x0000000082500000| Untracked 
|  38|0x0000000082600000, 0x0000000082700000, 0x0000000082700000|100%| O|  |TAMS 0x0000000082600000, 0x0000000082600000| Untracked 
|  39|0x0000000082700000, 0x0000000082800000, 0x0000000082800000|100%| O|  |TAMS 0x0000000082800000, 0x0000000082700000| Untracked 
|  40|0x0000000082800000, 0x0000000082900000, 0x0000000082900000|100%| O|  |TAMS 0x0000000082900000, 0x0000000082800000| Untracked 
|  41|0x0000000082900000, 0x0000000082a00000, 0x0000000082a00000|100%| O|  |TAMS 0x0000000082a00000, 0x0000000082900000| Untracked 
|  42|0x0000000082a00000, 0x0000000082b00000, 0x0000000082b00000|100%| O|  |TAMS 0x0000000082b00000, 0x0000000082a00000| Untracked 
|  43|0x0000000082b00000, 0x0000000082c00000, 0x0000000082c00000|100%| O|  |TAMS 0x0000000082c00000, 0x0000000082b00000| Untracked 
|  44|0x0000000082c00000, 0x0000000082d00000, 0x0000000082d00000|100%| O|  |TAMS 0x0000000082d00000, 0x0000000082c00000| Untracked 
|  45|0x0000000082d00000, 0x0000000082e00000, 0x0000000082e00000|100%| O|  |TAMS 0x0000000082e00000, 0x0000000082d00000| Untracked 
|  46|0x0000000082e00000, 0x0000000082f00000, 0x0000000082f00000|100%| O|  |TAMS 0x0000000082f00000, 0x0000000082e00000| Untracked 
|  47|0x0000000082f00000, 0x0000000083000000, 0x0000000083000000|100%| O|  |TAMS 0x0000000083000000, 0x0000000082f00000| Untracked 
|  48|0x0000000083000000, 0x0000000083100000, 0x0000000083100000|100%| O|  |TAMS 0x0000000083000000, 0x0000000083000000| Untracked 
|  49|0x0000000083100000, 0x0000000083200000, 0x0000000083200000|100%| O|  |TAMS 0x0000000083100000, 0x0000000083100000| Untracked 
|  50|0x0000000083200000, 0x0000000083300000, 0x0000000083300000|100%| O|  |TAMS 0x0000000083200000, 0x0000000083200000| Untracked 
|  51|0x0000000083300000, 0x0000000083400000, 0x0000000083400000|100%| O|  |TAMS 0x0000000083300000, 0x0000000083300000| Untracked 
|  52|0x0000000083400000, 0x0000000083500000, 0x0000000083500000|100%| O|  |TAMS 0x0000000083400000, 0x0000000083400000| Untracked 
|  53|0x0000000083500000, 0x0000000083600000, 0x0000000083600000|100%| O|  |TAMS 0x0000000083500000, 0x0000000083500000| Untracked 
|  54|0x0000000083600000, 0x0000000083700000, 0x0000000083700000|100%| O|  |TAMS 0x0000000083600000, 0x0000000083600000| Untracked 
|  55|0x0000000083700000, 0x0000000083800000, 0x0000000083800000|100%| O|  |TAMS 0x0000000083700000, 0x0000000083700000| Untracked 
|  56|0x0000000083800000, 0x0000000083900000, 0x0000000083900000|100%| O|  |TAMS 0x0000000083800000, 0x0000000083800000| Untracked 
|  57|0x0000000083900000, 0x0000000083a00000, 0x0000000083a00000|100%| O|  |TAMS 0x0000000083900000, 0x0000000083900000| Untracked 
|  58|0x0000000083a00000, 0x0000000083b00000, 0x0000000083b00000|100%| O|  |TAMS 0x0000000083a00000, 0x0000000083a00000| Untracked 
|  59|0x0000000083b00000, 0x0000000083c00000, 0x0000000083c00000|100%| O|  |TAMS 0x0000000083b00000, 0x0000000083b00000| Untracked 
|  60|0x0000000083c00000, 0x0000000083d00000, 0x0000000083d00000|100%| O|  |TAMS 0x0000000083d00000, 0x0000000083c00000| Untracked 
|  61|0x0000000083d00000, 0x0000000083e00000, 0x0000000083e00000|100%| O|  |TAMS 0x0000000083d00000, 0x0000000083d00000| Untracked 
|  62|0x0000000083e00000, 0x0000000083f00000, 0x0000000083f00000|100%| O|  |TAMS 0x0000000083e00000, 0x0000000083e00000| Untracked 
|  63|0x0000000083f00000, 0x0000000084000000, 0x0000000084000000|100%| O|  |TAMS 0x0000000083f00000, 0x0000000083f00000| Untracked 
|  64|0x0000000084000000, 0x0000000084100000, 0x0000000084100000|100%| O|  |TAMS 0x0000000084000000, 0x0000000084000000| Untracked 
|  65|0x0000000084100000, 0x0000000084200000, 0x0000000084200000|100%| O|  |TAMS 0x0000000084100000, 0x0000000084100000| Untracked 
|  66|0x0000000084200000, 0x0000000084300000, 0x0000000084300000|100%| O|  |TAMS 0x0000000084200000, 0x0000000084200000| Untracked 
|  67|0x0000000084300000, 0x0000000084400000, 0x0000000084400000|100%| O|  |TAMS 0x0000000084300000, 0x0000000084300000| Untracked 
|  68|0x0000000084400000, 0x0000000084500000, 0x0000000084500000|100%| O|  |TAMS 0x0000000084400000, 0x0000000084400000| Untracked 
|  69|0x0000000084500000, 0x0000000084600000, 0x0000000084600000|100%| O|  |TAMS 0x0000000084500000, 0x0000000084500000| Untracked 
|  70|0x0000000084600000, 0x0000000084700000, 0x0000000084700000|100%| O|  |TAMS 0x0000000084600000, 0x0000000084600000| Untracked 
|  71|0x0000000084700000, 0x000000008472da00, 0x0000000084800000| 17%| O|  |TAMS 0x0000000084700000, 0x0000000084700000| Untracked 
|  72|0x0000000084800000, 0x0000000084800000, 0x0000000084900000|  0%| F|  |TAMS 0x0000000084800000, 0x0000000084800000| Untracked 
|  73|0x0000000084900000, 0x0000000084900000, 0x0000000084a00000|  0%| F|  |TAMS 0x0000000084900000, 0x0000000084900000| Untracked 
|  74|0x0000000084a00000, 0x0000000084a00000, 0x0000000084b00000|  0%| F|  |TAMS 0x0000000084a00000, 0x0000000084a00000| Untracked 
|  75|0x0000000084b00000, 0x0000000084b00000, 0x0000000084c00000|  0%| F|  |TAMS 0x0000000084b00000, 0x0000000084b00000| Untracked 
|  76|0x0000000084c00000, 0x0000000084c00000, 0x0000000084d00000|  0%| F|  |TAMS 0x0000000084c00000, 0x0000000084c00000| Untracked 
|  77|0x0000000084d00000, 0x0000000084d00000, 0x0000000084e00000|  0%| F|  |TAMS 0x0000000084d00000, 0x0000000084d00000| Untracked 
|  78|0x0000000084e00000, 0x0000000084e00000, 0x0000000084f00000|  0%| F|  |TAMS 0x0000000084e00000, 0x0000000084e00000| Untracked 
|  79|0x0000000084f00000, 0x0000000084f00000, 0x0000000085000000|  0%| F|  |TAMS 0x0000000084f00000, 0x0000000084f00000| Untracked 
|  80|0x0000000085000000, 0x0000000085000000, 0x0000000085100000|  0%| F|  |TAMS 0x0000000085000000, 0x0000000085000000| Untracked 
|  81|0x0000000085100000, 0x0000000085100000, 0x0000000085200000|  0%| F|  |TAMS 0x0000000085100000, 0x0000000085100000| Untracked 
|  82|0x0000000085200000, 0x0000000085200000, 0x0000000085300000|  0%| F|  |TAMS 0x0000000085200000, 0x0000000085200000| Untracked 
|  83|0x0000000085300000, 0x0000000085300000, 0x0000000085400000|  0%| F|  |TAMS 0x0000000085300000, 0x0000000085300000| Untracked 
|  84|0x0000000085400000, 0x0000000085500000, 0x0000000085500000|100%| O|  |TAMS 0x0000000085500000, 0x0000000085400000| Untracked 
|  85|0x0000000085500000, 0x0000000085600000, 0x0000000085600000|100%| O|  |TAMS 0x0000000085600000, 0x0000000085500000| Untracked 
|  86|0x0000000085600000, 0x0000000085600000, 0x0000000085700000|  0%| F|  |TAMS 0x0000000085600000, 0x0000000085600000| Untracked 
|  87|0x0000000085700000, 0x0000000085700000, 0x0000000085800000|  0%| F|  |TAMS 0x0000000085700000, 0x0000000085700000| Untracked 
|  88|0x0000000085800000, 0x0000000085900000, 0x0000000085900000|100%| O|  |TAMS 0x0000000085900000, 0x0000000085800000| Untracked 
|  89|0x0000000085900000, 0x0000000085a00000, 0x0000000085a00000|100%| O|  |TAMS 0x0000000085a00000, 0x0000000085900000| Untracked 
|  90|0x0000000085a00000, 0x0000000085b00000, 0x0000000085b00000|100%| O|  |TAMS 0x0000000085b00000, 0x0000000085a00000| Untracked 
|  91|0x0000000085b00000, 0x0000000085b00000, 0x0000000085c00000|  0%| F|  |TAMS 0x0000000085b00000, 0x0000000085b00000| Untracked 
|  92|0x0000000085c00000, 0x0000000085c00000, 0x0000000085d00000|  0%| F|  |TAMS 0x0000000085c00000, 0x0000000085c00000| Untracked 
|  93|0x0000000085d00000, 0x0000000085d00000, 0x0000000085e00000|  0%| F|  |TAMS 0x0000000085d00000, 0x0000000085d00000| Untracked 
|  94|0x0000000085e00000, 0x0000000085e00000, 0x0000000085f00000|  0%| F|  |TAMS 0x0000000085e00000, 0x0000000085e00000| Untracked 
|  95|0x0000000085f00000, 0x0000000085f00000, 0x0000000086000000|  0%| F|  |TAMS 0x0000000085f00000, 0x0000000085f00000| Untracked 
|  96|0x0000000086000000, 0x0000000086000000, 0x0000000086100000|  0%| F|  |TAMS 0x0000000086000000, 0x0000000086000000| Untracked 
|  97|0x0000000086100000, 0x0000000086100000, 0x0000000086200000|  0%| F|  |TAMS 0x0000000086100000, 0x0000000086100000| Untracked 
|  98|0x0000000086200000, 0x0000000086200000, 0x0000000086300000|  0%| F|  |TAMS 0x0000000086200000, 0x0000000086200000| Untracked 
|  99|0x0000000086300000, 0x0000000086300000, 0x0000000086400000|  0%| F|  |TAMS 0x0000000086300000, 0x0000000086300000| Untracked 
| 100|0x0000000086400000, 0x0000000086400000, 0x0000000086500000|  0%| F|  |TAMS 0x0000000086400000, 0x0000000086400000| Untracked 
| 101|0x0000000086500000, 0x0000000086500000, 0x0000000086600000|  0%| F|  |TAMS 0x0000000086500000, 0x0000000086500000| Untracked 
| 102|0x0000000086600000, 0x0000000086600000, 0x0000000086700000|  0%| F|  |TAMS 0x0000000086600000, 0x0000000086600000| Untracked 
| 103|0x0000000086700000, 0x0000000086700000, 0x0000000086800000|  0%| F|  |TAMS 0x0000000086700000, 0x0000000086700000| Untracked 
| 104|0x0000000086800000, 0x0000000086800000, 0x0000000086900000|  0%| F|  |TAMS 0x0000000086800000, 0x0000000086800000| Untracked 
| 105|0x0000000086900000, 0x0000000086900000, 0x0000000086a00000|  0%| F|  |TAMS 0x0000000086900000, 0x0000000086900000| Untracked 
| 106|0x0000000086a00000, 0x0000000086a00000, 0x0000000086b00000|  0%| F|  |TAMS 0x0000000086a00000, 0x0000000086a00000| Untracked 
| 107|0x0000000086b00000, 0x0000000086b00000, 0x0000000086c00000|  0%| F|  |TAMS 0x0000000086b00000, 0x0000000086b00000| Untracked 
| 108|0x0000000086c00000, 0x0000000086c00000, 0x0000000086d00000|  0%| F|  |TAMS 0x0000000086c00000, 0x0000000086c00000| Untracked 
| 109|0x0000000086d00000, 0x0000000086d00000, 0x0000000086e00000|  0%| F|  |TAMS 0x0000000086d00000, 0x0000000086d00000| Untracked 
| 110|0x0000000086e00000, 0x0000000086e00000, 0x0000000086f00000|  0%| F|  |TAMS 0x0000000086e00000, 0x0000000086e00000| Untracked 
| 111|0x0000000086f00000, 0x0000000086f00000, 0x0000000087000000|  0%| F|  |TAMS 0x0000000086f00000, 0x0000000086f00000| Untracked 
| 112|0x0000000087000000, 0x0000000087000000, 0x0000000087100000|  0%| F|  |TAMS 0x0000000087000000, 0x0000000087000000| Untracked 
| 113|0x0000000087100000, 0x0000000087100000, 0x0000000087200000|  0%| F|  |TAMS 0x0000000087100000, 0x0000000087100000| Untracked 
| 114|0x0000000087200000, 0x0000000087200000, 0x0000000087300000|  0%| F|  |TAMS 0x0000000087200000, 0x0000000087200000| Untracked 
| 115|0x0000000087300000, 0x0000000087300000, 0x0000000087400000|  0%| F|  |TAMS 0x0000000087300000, 0x0000000087300000| Untracked 
| 116|0x0000000087400000, 0x0000000087400000, 0x0000000087500000|  0%| F|  |TAMS 0x0000000087400000, 0x0000000087400000| Untracked 
| 117|0x0000000087500000, 0x0000000087500000, 0x0000000087600000|  0%| F|  |TAMS 0x0000000087500000, 0x0000000087500000| Untracked 
| 118|0x0000000087600000, 0x0000000087600000, 0x0000000087700000|  0%| F|  |TAMS 0x0000000087600000, 0x0000000087600000| Untracked 
| 119|0x0000000087700000, 0x0000000087700000, 0x0000000087800000|  0%| F|  |TAMS 0x0000000087700000, 0x0000000087700000| Untracked 
| 120|0x0000000087800000, 0x0000000087800000, 0x0000000087900000|  0%| F|  |TAMS 0x0000000087800000, 0x0000000087800000| Untracked 
| 121|0x0000000087900000, 0x0000000087900000, 0x0000000087a00000|  0%| F|  |TAMS 0x0000000087900000, 0x0000000087900000| Untracked 
| 122|0x0000000087a00000, 0x0000000087a00000, 0x0000000087b00000|  0%| F|  |TAMS 0x0000000087a00000, 0x0000000087a00000| Untracked 
| 123|0x0000000087b00000, 0x0000000087b00000, 0x0000000087c00000|  0%| F|  |TAMS 0x0000000087b00000, 0x0000000087b00000| Untracked 
| 124|0x0000000087c00000, 0x0000000087c00000, 0x0000000087d00000|  0%| F|  |TAMS 0x0000000087c00000, 0x0000000087c00000| Untracked 
| 125|0x0000000087d00000, 0x0000000087d00000, 0x0000000087e00000|  0%| F|  |TAMS 0x0000000087d00000, 0x0000000087d00000| Untracked 
| 126|0x0000000087e00000, 0x0000000087e00000, 0x0000000087f00000|  0%| F|  |TAMS 0x0000000087e00000, 0x0000000087e00000| Untracked 
| 127|0x0000000087f00000, 0x0000000087f00000, 0x0000000088000000|  0%| F|  |TAMS 0x0000000087f00000, 0x0000000087f00000| Untracked 
| 128|0x0000000088000000, 0x0000000088000000, 0x0000000088100000|  0%| F|  |TAMS 0x0000000088000000, 0x0000000088000000| Untracked 
| 129|0x0000000088100000, 0x0000000088100000, 0x0000000088200000|  0%| F|  |TAMS 0x0000000088100000, 0x0000000088100000| Untracked 
| 130|0x0000000088200000, 0x0000000088200000, 0x0000000088300000|  0%| F|  |TAMS 0x0000000088200000, 0x0000000088200000| Untracked 
| 131|0x0000000088300000, 0x0000000088300000, 0x0000000088400000|  0%| F|  |TAMS 0x0000000088300000, 0x0000000088300000| Untracked 
| 132|0x0000000088400000, 0x0000000088400000, 0x0000000088500000|  0%| F|  |TAMS 0x0000000088400000, 0x0000000088400000| Untracked 
| 133|0x0000000088500000, 0x0000000088500000, 0x0000000088600000|  0%| F|  |TAMS 0x0000000088500000, 0x0000000088500000| Untracked 
| 134|0x0000000088600000, 0x0000000088600000, 0x0000000088700000|  0%| F|  |TAMS 0x0000000088600000, 0x0000000088600000| Untracked 
| 135|0x0000000088700000, 0x0000000088800000, 0x0000000088800000|100%| S|CS|TAMS 0x0000000088700000, 0x0000000088700000| Complete 
| 136|0x0000000088800000, 0x0000000088900000, 0x0000000088900000|100%| S|CS|TAMS 0x0000000088800000, 0x0000000088800000| Complete 
| 137|0x0000000088900000, 0x0000000088a00000, 0x0000000088a00000|100%| S|CS|TAMS 0x0000000088900000, 0x0000000088900000| Complete 
| 138|0x0000000088a00000, 0x0000000088b00000, 0x0000000088b00000|100%| S|CS|TAMS 0x0000000088a00000, 0x0000000088a00000| Complete 
| 139|0x0000000088b00000, 0x0000000088c00000, 0x0000000088c00000|100%| S|CS|TAMS 0x0000000088b00000, 0x0000000088b00000| Complete 
| 140|0x0000000088c00000, 0x0000000088d00000, 0x0000000088d00000|100%| S|CS|TAMS 0x0000000088c00000, 0x0000000088c00000| Complete 
| 141|0x0000000088d00000, 0x0000000088e00000, 0x0000000088e00000|100%| S|CS|TAMS 0x0000000088d00000, 0x0000000088d00000| Complete 
| 142|0x0000000088e00000, 0x0000000088f00000, 0x0000000088f00000|100%| S|CS|TAMS 0x0000000088e00000, 0x0000000088e00000| Complete 
| 143|0x0000000088f00000, 0x0000000089000000, 0x0000000089000000|100%| S|CS|TAMS 0x0000000088f00000, 0x0000000088f00000| Complete 
| 144|0x0000000089000000, 0x0000000089100000, 0x0000000089100000|100%| S|CS|TAMS 0x0000000089000000, 0x0000000089000000| Complete 
| 145|0x0000000089100000, 0x0000000089200000, 0x0000000089200000|100%| S|CS|TAMS 0x0000000089100000, 0x0000000089100000| Complete 
| 146|0x0000000089200000, 0x0000000089300000, 0x0000000089300000|100%| S|CS|TAMS 0x0000000089200000, 0x0000000089200000| Complete 
| 147|0x0000000089300000, 0x0000000089400000, 0x0000000089400000|100%| S|CS|TAMS 0x0000000089300000, 0x0000000089300000| Complete 
| 148|0x0000000089400000, 0x0000000089500000, 0x0000000089500000|100%| S|CS|TAMS 0x0000000089400000, 0x0000000089400000| Complete 
| 149|0x0000000089500000, 0x0000000089500000, 0x0000000089600000|  0%| F|  |TAMS 0x0000000089500000, 0x0000000089500000| Untracked 
| 150|0x0000000089600000, 0x0000000089600000, 0x0000000089700000|  0%| F|  |TAMS 0x0000000089600000, 0x0000000089600000| Untracked 
| 151|0x0000000089700000, 0x0000000089700000, 0x0000000089800000|  0%| F|  |TAMS 0x0000000089700000, 0x0000000089700000| Untracked 
| 152|0x0000000089800000, 0x0000000089800000, 0x0000000089900000|  0%| F|  |TAMS 0x0000000089800000, 0x0000000089800000| Untracked 
| 153|0x0000000089900000, 0x0000000089900000, 0x0000000089a00000|  0%| F|  |TAMS 0x0000000089900000, 0x0000000089900000| Untracked 
| 154|0x0000000089a00000, 0x0000000089a00000, 0x0000000089b00000|  0%| F|  |TAMS 0x0000000089a00000, 0x0000000089a00000| Untracked 
| 155|0x0000000089b00000, 0x0000000089b00000, 0x0000000089c00000|  0%| F|  |TAMS 0x0000000089b00000, 0x0000000089b00000| Untracked 
| 156|0x0000000089c00000, 0x0000000089c00000, 0x0000000089d00000|  0%| F|  |TAMS 0x0000000089c00000, 0x0000000089c00000| Untracked 
| 157|0x0000000089d00000, 0x0000000089d00000, 0x0000000089e00000|  0%| F|  |TAMS 0x0000000089d00000, 0x0000000089d00000| Untracked 
| 158|0x0000000089e00000, 0x0000000089e00000, 0x0000000089f00000|  0%| F|  |TAMS 0x0000000089e00000, 0x0000000089e00000| Untracked 
| 159|0x0000000089f00000, 0x0000000089f00000, 0x000000008a000000|  0%| F|  |TAMS 0x0000000089f00000, 0x0000000089f00000| Untracked 
| 160|0x000000008a000000, 0x000000008a000000, 0x000000008a100000|  0%| F|  |TAMS 0x000000008a000000, 0x000000008a000000| Untracked 
| 161|0x000000008a100000, 0x000000008a100000, 0x000000008a200000|  0%| F|  |TAMS 0x000000008a100000, 0x000000008a100000| Untracked 
| 162|0x000000008a200000, 0x000000008a200000, 0x000000008a300000|  0%| F|  |TAMS 0x000000008a200000, 0x000000008a200000| Untracked 
| 163|0x000000008a300000, 0x000000008a300000, 0x000000008a400000|  0%| F|  |TAMS 0x000000008a300000, 0x000000008a300000| Untracked 
| 164|0x000000008a400000, 0x000000008a400000, 0x000000008a500000|  0%| F|  |TAMS 0x000000008a400000, 0x000000008a400000| Untracked 
| 165|0x000000008a500000, 0x000000008a500000, 0x000000008a600000|  0%| F|  |TAMS 0x000000008a500000, 0x000000008a500000| Untracked 
| 166|0x000000008a600000, 0x000000008a600000, 0x000000008a700000|  0%| F|  |TAMS 0x000000008a600000, 0x000000008a600000| Untracked 
| 167|0x000000008a700000, 0x000000008a700000, 0x000000008a800000|  0%| F|  |TAMS 0x000000008a700000, 0x000000008a700000| Untracked 
| 168|0x000000008a800000, 0x000000008a800000, 0x000000008a900000|  0%| F|  |TAMS 0x000000008a800000, 0x000000008a800000| Untracked 
| 169|0x000000008a900000, 0x000000008a900000, 0x000000008aa00000|  0%| F|  |TAMS 0x000000008a900000, 0x000000008a900000| Untracked 
| 170|0x000000008aa00000, 0x000000008aa00000, 0x000000008ab00000|  0%| F|  |TAMS 0x000000008aa00000, 0x000000008aa00000| Untracked 
| 171|0x000000008ab00000, 0x000000008ab00000, 0x000000008ac00000|  0%| F|  |TAMS 0x000000008ab00000, 0x000000008ab00000| Untracked 
| 172|0x000000008ac00000, 0x000000008ac00000, 0x000000008ad00000|  0%| F|  |TAMS 0x000000008ac00000, 0x000000008ac00000| Untracked 
| 173|0x000000008ad00000, 0x000000008ad00000, 0x000000008ae00000|  0%| F|  |TAMS 0x000000008ad00000, 0x000000008ad00000| Untracked 
| 174|0x000000008ae00000, 0x000000008ae00000, 0x000000008af00000|  0%| F|  |TAMS 0x000000008ae00000, 0x000000008ae00000| Untracked 
| 175|0x000000008af00000, 0x000000008af00000, 0x000000008b000000|  0%| F|  |TAMS 0x000000008af00000, 0x000000008af00000| Untracked 
| 176|0x000000008b000000, 0x000000008b000000, 0x000000008b100000|  0%| F|  |TAMS 0x000000008b000000, 0x000000008b000000| Untracked 
| 177|0x000000008b100000, 0x000000008b100000, 0x000000008b200000|  0%| F|  |TAMS 0x000000008b100000, 0x000000008b100000| Untracked 
| 178|0x000000008b200000, 0x000000008b200000, 0x000000008b300000|  0%| F|  |TAMS 0x000000008b200000, 0x000000008b200000| Untracked 
| 179|0x000000008b300000, 0x000000008b300000, 0x000000008b400000|  0%| F|  |TAMS 0x000000008b300000, 0x000000008b300000| Untracked 
| 180|0x000000008b400000, 0x000000008b400000, 0x000000008b500000|  0%| F|  |TAMS 0x000000008b400000, 0x000000008b400000| Untracked 
| 181|0x000000008b500000, 0x000000008b500000, 0x000000008b600000|  0%| F|  |TAMS 0x000000008b500000, 0x000000008b500000| Untracked 
| 182|0x000000008b600000, 0x000000008b600000, 0x000000008b700000|  0%| F|  |TAMS 0x000000008b600000, 0x000000008b600000| Untracked 
| 183|0x000000008b700000, 0x000000008b700000, 0x000000008b800000|  0%| F|  |TAMS 0x000000008b700000, 0x000000008b700000| Untracked 
| 184|0x000000008b800000, 0x000000008b800000, 0x000000008b900000|  0%| F|  |TAMS 0x000000008b800000, 0x000000008b800000| Untracked 
| 185|0x000000008b900000, 0x000000008b900000, 0x000000008ba00000|  0%| F|  |TAMS 0x000000008b900000, 0x000000008b900000| Untracked 
| 186|0x000000008ba00000, 0x000000008ba00000, 0x000000008bb00000|  0%| F|  |TAMS 0x000000008ba00000, 0x000000008ba00000| Untracked 
| 187|0x000000008bb00000, 0x000000008bb00000, 0x000000008bc00000|  0%| F|  |TAMS 0x000000008bb00000, 0x000000008bb00000| Untracked 
| 188|0x000000008bc00000, 0x000000008bc00000, 0x000000008bd00000|  0%| F|  |TAMS 0x000000008bc00000, 0x000000008bc00000| Untracked 
| 189|0x000000008bd00000, 0x000000008bd00000, 0x000000008be00000|  0%| F|  |TAMS 0x000000008bd00000, 0x000000008bd00000| Untracked 
| 190|0x000000008be00000, 0x000000008be00000, 0x000000008bf00000|  0%| F|  |TAMS 0x000000008be00000, 0x000000008be00000| Untracked 
| 191|0x000000008bf00000, 0x000000008bf00000, 0x000000008c000000|  0%| F|  |TAMS 0x000000008bf00000, 0x000000008bf00000| Untracked 
| 192|0x000000008c000000, 0x000000008c000000, 0x000000008c100000|  0%| F|  |TAMS 0x000000008c000000, 0x000000008c000000| Untracked 
| 193|0x000000008c100000, 0x000000008c100000, 0x000000008c200000|  0%| F|  |TAMS 0x000000008c100000, 0x000000008c100000| Untracked 
| 194|0x000000008c200000, 0x000000008c200000, 0x000000008c300000|  0%| F|  |TAMS 0x000000008c200000, 0x000000008c200000| Untracked 
| 195|0x000000008c300000, 0x000000008c300000, 0x000000008c400000|  0%| F|  |TAMS 0x000000008c300000, 0x000000008c300000| Untracked 
| 196|0x000000008c400000, 0x000000008c400000, 0x000000008c500000|  0%| F|  |TAMS 0x000000008c400000, 0x000000008c400000| Untracked 
| 197|0x000000008c500000, 0x000000008c500000, 0x000000008c600000|  0%| F|  |TAMS 0x000000008c500000, 0x000000008c500000| Untracked 
| 198|0x000000008c600000, 0x000000008c600000, 0x000000008c700000|  0%| F|  |TAMS 0x000000008c600000, 0x000000008c600000| Untracked 
| 199|0x000000008c700000, 0x000000008c700000, 0x000000008c800000|  0%| F|  |TAMS 0x000000008c700000, 0x000000008c700000| Untracked 
| 200|0x000000008c800000, 0x000000008c800000, 0x000000008c900000|  0%| F|  |TAMS 0x000000008c800000, 0x000000008c800000| Untracked 
| 201|0x000000008c900000, 0x000000008c900000, 0x000000008ca00000|  0%| F|  |TAMS 0x000000008c900000, 0x000000008c900000| Untracked 
| 202|0x000000008ca00000, 0x000000008ca00000, 0x000000008cb00000|  0%| F|  |TAMS 0x000000008ca00000, 0x000000008ca00000| Untracked 
| 203|0x000000008cb00000, 0x000000008cb00000, 0x000000008cc00000|  0%| F|  |TAMS 0x000000008cb00000, 0x000000008cb00000| Untracked 
| 204|0x000000008cc00000, 0x000000008cc00000, 0x000000008cd00000|  0%| F|  |TAMS 0x000000008cc00000, 0x000000008cc00000| Untracked 
| 205|0x000000008cd00000, 0x000000008cd00000, 0x000000008ce00000|  0%| F|  |TAMS 0x000000008cd00000, 0x000000008cd00000| Untracked 
| 206|0x000000008ce00000, 0x000000008ce00000, 0x000000008cf00000|  0%| F|  |TAMS 0x000000008ce00000, 0x000000008ce00000| Untracked 
| 207|0x000000008cf00000, 0x000000008cf00000, 0x000000008d000000|  0%| F|  |TAMS 0x000000008cf00000, 0x000000008cf00000| Untracked 
| 208|0x000000008d000000, 0x000000008d000000, 0x000000008d100000|  0%| F|  |TAMS 0x000000008d000000, 0x000000008d000000| Untracked 
| 209|0x000000008d100000, 0x000000008d100000, 0x000000008d200000|  0%| F|  |TAMS 0x000000008d100000, 0x000000008d100000| Untracked 
| 210|0x000000008d200000, 0x000000008d200000, 0x000000008d300000|  0%| F|  |TAMS 0x000000008d200000, 0x000000008d200000| Untracked 
| 211|0x000000008d300000, 0x000000008d300000, 0x000000008d400000|  0%| F|  |TAMS 0x000000008d300000, 0x000000008d300000| Untracked 
| 212|0x000000008d400000, 0x000000008d400000, 0x000000008d500000|  0%| F|  |TAMS 0x000000008d400000, 0x000000008d400000| Untracked 
| 213|0x000000008d500000, 0x000000008d500000, 0x000000008d600000|  0%| F|  |TAMS 0x000000008d500000, 0x000000008d500000| Untracked 
| 214|0x000000008d600000, 0x000000008d600000, 0x000000008d700000|  0%| F|  |TAMS 0x000000008d600000, 0x000000008d600000| Untracked 
| 215|0x000000008d700000, 0x000000008d700000, 0x000000008d800000|  0%| F|  |TAMS 0x000000008d700000, 0x000000008d700000| Untracked 
| 216|0x000000008d800000, 0x000000008d800000, 0x000000008d900000|  0%| F|  |TAMS 0x000000008d800000, 0x000000008d800000| Untracked 
| 217|0x000000008d900000, 0x000000008d900000, 0x000000008da00000|  0%| F|  |TAMS 0x000000008d900000, 0x000000008d900000| Untracked 
| 218|0x000000008da00000, 0x000000008da00000, 0x000000008db00000|  0%| F|  |TAMS 0x000000008da00000, 0x000000008da00000| Untracked 
| 219|0x000000008db00000, 0x000000008db00000, 0x000000008dc00000|  0%| F|  |TAMS 0x000000008db00000, 0x000000008db00000| Untracked 
| 220|0x000000008dc00000, 0x000000008dc00000, 0x000000008dd00000|  0%| F|  |TAMS 0x000000008dc00000, 0x000000008dc00000| Untracked 
| 221|0x000000008dd00000, 0x000000008dd00000, 0x000000008de00000|  0%| F|  |TAMS 0x000000008dd00000, 0x000000008dd00000| Untracked 
| 222|0x000000008de00000, 0x000000008de00000, 0x000000008df00000|  0%| F|  |TAMS 0x000000008de00000, 0x000000008de00000| Untracked 
| 223|0x000000008df00000, 0x000000008df00000, 0x000000008e000000|  0%| F|  |TAMS 0x000000008df00000, 0x000000008df00000| Untracked 
| 224|0x000000008e000000, 0x000000008e000000, 0x000000008e100000|  0%| F|  |TAMS 0x000000008e000000, 0x000000008e000000| Untracked 
| 225|0x000000008e100000, 0x000000008e100000, 0x000000008e200000|  0%| F|  |TAMS 0x000000008e100000, 0x000000008e100000| Untracked 
| 226|0x000000008e200000, 0x000000008e200000, 0x000000008e300000|  0%| F|  |TAMS 0x000000008e200000, 0x000000008e200000| Untracked 
| 227|0x000000008e300000, 0x000000008e300000, 0x000000008e400000|  0%| F|  |TAMS 0x000000008e300000, 0x000000008e300000| Untracked 
| 228|0x000000008e400000, 0x000000008e400000, 0x000000008e500000|  0%| F|  |TAMS 0x000000008e400000, 0x000000008e400000| Untracked 
| 229|0x000000008e500000, 0x000000008e500000, 0x000000008e600000|  0%| F|  |TAMS 0x000000008e500000, 0x000000008e500000| Untracked 
| 230|0x000000008e600000, 0x000000008e600000, 0x000000008e700000|  0%| F|  |TAMS 0x000000008e600000, 0x000000008e600000| Untracked 
| 231|0x000000008e700000, 0x000000008e700000, 0x000000008e800000|  0%| F|  |TAMS 0x000000008e700000, 0x000000008e700000| Untracked 
| 232|0x000000008e800000, 0x000000008e800000, 0x000000008e900000|  0%| F|  |TAMS 0x000000008e800000, 0x000000008e800000| Untracked 
| 233|0x000000008e900000, 0x000000008e900000, 0x000000008ea00000|  0%| F|  |TAMS 0x000000008e900000, 0x000000008e900000| Untracked 
| 234|0x000000008ea00000, 0x000000008ea00000, 0x000000008eb00000|  0%| F|  |TAMS 0x000000008ea00000, 0x000000008ea00000| Untracked 
| 235|0x000000008eb00000, 0x000000008eb00000, 0x000000008ec00000|  0%| F|  |TAMS 0x000000008eb00000, 0x000000008eb00000| Untracked 
| 236|0x000000008ec00000, 0x000000008ec00000, 0x000000008ed00000|  0%| F|  |TAMS 0x000000008ec00000, 0x000000008ec00000| Untracked 
| 237|0x000000008ed00000, 0x000000008ed00000, 0x000000008ee00000|  0%| F|  |TAMS 0x000000008ed00000, 0x000000008ed00000| Untracked 
| 238|0x000000008ee00000, 0x000000008ee00000, 0x000000008ef00000|  0%| F|  |TAMS 0x000000008ee00000, 0x000000008ee00000| Untracked 
| 239|0x000000008ef00000, 0x000000008ef86dd0, 0x000000008f000000| 52%| E|  |TAMS 0x000000008ef00000, 0x000000008ef00000| Complete 
| 240|0x000000008f000000, 0x000000008f100000, 0x000000008f100000|100%| E|CS|TAMS 0x000000008f000000, 0x000000008f000000| Complete 
| 241|0x000000008f100000, 0x000000008f200000, 0x000000008f200000|100%| E|CS|TAMS 0x000000008f100000, 0x000000008f100000| Complete 
| 242|0x000000008f200000, 0x000000008f300000, 0x000000008f300000|100%| E|CS|TAMS 0x000000008f200000, 0x000000008f200000| Complete 
| 243|0x000000008f300000, 0x000000008f400000, 0x000000008f400000|100%| E|CS|TAMS 0x000000008f300000, 0x000000008f300000| Complete 
| 244|0x000000008f400000, 0x000000008f500000, 0x000000008f500000|100%| E|CS|TAMS 0x000000008f400000, 0x000000008f400000| Complete 
| 245|0x000000008f500000, 0x000000008f600000, 0x000000008f600000|100%| E|CS|TAMS 0x000000008f500000, 0x000000008f500000| Complete 
| 246|0x000000008f600000, 0x000000008f700000, 0x000000008f700000|100%| E|CS|TAMS 0x000000008f600000, 0x000000008f600000| Complete 
| 247|0x000000008f700000, 0x000000008f800000, 0x000000008f800000|100%| E|CS|TAMS 0x000000008f700000, 0x000000008f700000| Complete 
| 248|0x000000008f800000, 0x000000008f900000, 0x000000008f900000|100%| E|CS|TAMS 0x000000008f800000, 0x000000008f800000| Complete 
| 249|0x000000008f900000, 0x000000008fa00000, 0x000000008fa00000|100%| E|CS|TAMS 0x000000008f900000, 0x000000008f900000| Complete 
| 250|0x000000008fa00000, 0x000000008fb00000, 0x000000008fb00000|100%| E|CS|TAMS 0x000000008fa00000, 0x000000008fa00000| Complete 
| 251|0x000000008fb00000, 0x000000008fc00000, 0x000000008fc00000|100%| E|CS|TAMS 0x000000008fb00000, 0x000000008fb00000| Complete 
| 252|0x000000008fc00000, 0x000000008fd00000, 0x000000008fd00000|100%| E|CS|TAMS 0x000000008fc00000, 0x000000008fc00000| Complete 
| 253|0x000000008fd00000, 0x000000008fe00000, 0x000000008fe00000|100%| E|CS|TAMS 0x000000008fd00000, 0x000000008fd00000| Complete 
| 254|0x000000008fe00000, 0x000000008ff00000, 0x000000008ff00000|100%| E|CS|TAMS 0x000000008fe00000, 0x000000008fe00000| Complete 
| 255|0x000000008ff00000, 0x0000000090000000, 0x0000000090000000|100%| E|CS|TAMS 0x000000008ff00000, 0x000000008ff00000| Complete 

Card table byte_map: [0x000002c2e9760000,0x000002c2e9b60000] _byte_map_base: 0x000002c2e9360000

Marking Bits (Prev, Next): (CMBitMap*) 0x000002c2d443c630, (CMBitMap*) 0x000002c2d443c5f8
 Prev Bits: [0x000002c2ebf60000, 0x000002c2edf60000)
 Next Bits: [0x000002c2e9f60000, 0x000002c2ebf60000)

Polling page: 0x000002c2d4120000

Metaspace:

Usage:
  Non-class:     37.99 MB capacity,    37.40 MB ( 98%) used,   512.48 KB (  1%) free+waste,    89.19 KB ( <1%) overhead. 
      Class:      5.61 MB capacity,     5.28 MB ( 94%) used,   302.91 KB (  5%) free+waste,    42.25 KB ( <1%) overhead. 
       Both:     43.60 MB capacity,    42.67 MB ( 98%) used,   815.38 KB (  2%) free+waste,   131.44 KB ( <1%) overhead. 

Virtual space:
  Non-class space:       40.00 MB reserved,      38.17 MB ( 95%) committed 
      Class space:        1.00 GB reserved,       5.73 MB ( <1%) committed 
             Both:        1.04 GB reserved,      43.90 MB (  4%) committed 

Chunk freelists:
   Non-Class:  11.00 KB
       Class:  7.00 KB
        Both:  18.00 KB

MaxMetaspaceSize: 17179869184.00 GB
CompressedClassSpaceSize: 1.00 GB

CodeHeap 'non-profiled nmethods': size=120000Kb used=2295Kb max_used=2295Kb free=117704Kb
 bounds [0x000002c2e11a0000, 0x000002c2e1410000, 0x000002c2e86d0000]
CodeHeap 'profiled nmethods': size=120000Kb used=8432Kb max_used=8432Kb free=111567Kb
 bounds [0x000002c2d9c70000, 0x000002c2da4b0000, 0x000002c2e11a0000]
CodeHeap 'non-nmethods': size=5760Kb used=2219Kb max_used=2259Kb free=3541Kb
 bounds [0x000002c2d96d0000, 0x000002c2d9940000, 0x000002c2d9c70000]
 total_blobs=4870 nmethods=4081 adapters=699
 compilation: enabled
              stopped_count=0, restarted_count=0
 full_count=0

Compilation events (20 events):
Event: 31.612 Thread 0x000002c2f155c000 nmethod 4077 0x000002c2da4a0d90 code [0x000002c2da4a1240, 0x000002c2da4a3768]
Event: 31.646 Thread 0x000002c2f7271800 nmethod 4056 0x000002c2e13d3290 code [0x000002c2e13d35a0, 0x000002c2e13d5678]
Event: 31.646 Thread 0x000002c2f7271800 4052       4       java.util.concurrent.locks.LockSupport::setBlocker (12 bytes)
Event: 31.648 Thread 0x000002c2f7271800 nmethod 4052 0x000002c2e13d6b10 code [0x000002c2e13d6ca0, 0x000002c2e13d6db8]
Event: 31.669 Thread 0x000002c2f155c000 4078 %     3       java.util.WeakHashMap::transfer @ 2 (107 bytes)
Event: 31.670 Thread 0x000002c2f155c000 nmethod 4078% 0x000002c2da4a4510 code [0x000002c2da4a4720, 0x000002c2da4a4f98]
Event: 31.711 Thread 0x000002c2f1557000 nmethod 4073 0x000002c2e13d6e10 code [0x000002c2e13d72a0, 0x000002c2e13db6b8]
Event: 31.712 Thread 0x000002c2f155c000 4079       3       java.util.WeakHashMap::transfer (107 bytes)
Event: 31.712 Thread 0x000002c2f155c000 nmethod 4079 0x000002c2da4a5210 code [0x000002c2da4a5420, 0x000002c2da4a5bd8]
Event: 31.966 Thread 0x000002c2f155c000 4080       3       java.util.zip.CRC32::updateBytesCheck (55 bytes)
Event: 31.966 Thread 0x000002c2f155c000 nmethod 4080 0x000002c2da4a5e10 code [0x000002c2da4a6020, 0x000002c2da4a6528]
Event: 31.966 Thread 0x000002c2f155c000 4081       3       java.util.zip.ZipInputStream::readFully (44 bytes)
Event: 31.966 Thread 0x000002c2f155c000 nmethod 4081 0x000002c2da4a6710 code [0x000002c2da4a6900, 0x000002c2da4a6c98]
Event: 31.967 Thread 0x000002c2f155c000 4082   !   3       java.util.zip.Inflater::getBytesWritten (23 bytes)
Event: 31.967 Thread 0x000002c2f155c000 nmethod 4082 0x000002c2da4a6e10 code [0x000002c2da4a6fe0, 0x000002c2da4a72c8]
Event: 31.980 Thread 0x000002c2f155c000 4083       3       sun.management.MemoryPoolImpl::getObjectName (10 bytes)
Event: 31.982 Thread 0x000002c2f155c000 nmethod 4083 0x000002c2da4a7410 code [0x000002c2da4a7960, 0x000002c2da4aa808]
Event: 32.229 Thread 0x000002c2f155c000 4084       3       java.util.WeakHashMap$HashIterator::hasNext (95 bytes)
Event: 32.230 Thread 0x000002c2f155c000 nmethod 4084 0x000002c2da4ab910 code [0x000002c2da4abb00, 0x000002c2da4ac058]
Event: 32.230 Thread 0x000002c2f1557000 4085       4       java.util.WeakHashMap$HashIterator::hasNext (95 bytes)

GC Heap History (20 events):
Event: 6.711 GC heap before
{Heap before GC invocations=7 (full 0):
 garbage-first heap   total 262144K, used 145060K [0x0000000080000000, 0x0000000100000000)
  region size 1024K, 115 young (117760K), 8 survivors (8192K)
 Metaspace       used 42826K, capacity 43716K, committed 44060K, reserved 1087488K
  class space    used 5328K, capacity 5642K, committed 5740K, reserved 1048576K
}
Event: 6.724 GC heap after
{Heap after GC invocations=8 (full 0):
 garbage-first heap   total 262144K, used 52921K [0x0000000080000000, 0x0000000100000000)
  region size 1024K, 15 young (15360K), 15 survivors (15360K)
 Metaspace       used 42826K, capacity 43716K, committed 44060K, reserved 1087488K
  class space    used 5328K, capacity 5642K, committed 5740K, reserved 1048576K
}
Event: 7.093 GC heap before
{Heap before GC invocations=8 (full 0):
 garbage-first heap   total 262144K, used 167609K [0x0000000080000000, 0x0000000100000000)
  region size 1024K, 127 young (130048K), 15 survivors (15360K)
 Metaspace       used 42854K, capacity 43716K, committed 44060K, reserved 1087488K
  class space    used 5332K, capacity 5642K, committed 5740K, reserved 1048576K
}
Event: 7.110 GC heap after
{Heap after GC invocations=9 (full 0):
 garbage-first heap   total 262144K, used 78601K [0x0000000080000000, 0x0000000100000000)
  region size 1024K, 16 young (16384K), 16 survivors (16384K)
 Metaspace       used 42854K, capacity 43716K, committed 44060K, reserved 1087488K
  class space    used 5332K, capacity 5642K, committed 5740K, reserved 1048576K
}
Event: 7.990 GC heap before
{Heap before GC invocations=9 (full 0):
 garbage-first heap   total 262144K, used 175881K [0x0000000080000000, 0x0000000100000000)
  region size 1024K, 111 young (113664K), 16 survivors (16384K)
 Metaspace       used 43345K, capacity 44298K, committed 44316K, reserved 1087488K
  class space    used 5385K, capacity 5732K, committed 5740K, reserved 1048576K
}
Event: 7.994 GC heap after
{Heap after GC invocations=10 (full 0):
 garbage-first heap   total 262144K, used 75052K [0x0000000080000000, 0x0000000100000000)
  region size 1024K, 3 young (3072K), 3 survivors (3072K)
 Metaspace       used 43345K, capacity 44298K, committed 44316K, reserved 1087488K
  class space    used 5385K, capacity 5732K, committed 5740K, reserved 1048576K
}
Event: 19.197 GC heap before
{Heap before GC invocations=10 (full 0):
 garbage-first heap   total 262144K, used 180524K [0x0000000080000000, 0x0000000100000000)
  region size 1024K, 106 young (108544K), 3 survivors (3072K)
 Metaspace       used 43485K, capacity 44403K, committed 44700K, reserved 1087488K
  class space    used 5396K, capacity 5741K, committed 5868K, reserved 1048576K
}
Event: 19.206 GC heap after
{Heap after GC invocations=11 (full 0):
 garbage-first heap   total 262144K, used 100352K [0x0000000080000000, 0x0000000100000000)
  region size 1024K, 14 young (14336K), 14 survivors (14336K)
 Metaspace       used 43485K, capacity 44403K, committed 44700K, reserved 1087488K
  class space    used 5396K, capacity 5741K, committed 5868K, reserved 1048576K
}
Event: 19.465 GC heap before
{Heap before GC invocations=11 (full 0):
 garbage-first heap   total 262144K, used 188416K [0x0000000080000000, 0x0000000100000000)
  region size 1024K, 100 young (102400K), 14 survivors (14336K)
 Metaspace       used 43495K, capacity 44403K, committed 44700K, reserved 1087488K
  class space    used 5396K, capacity 5741K, committed 5868K, reserved 1048576K
}
Event: 19.475 GC heap after
{Heap after GC invocations=12 (full 0):
 garbage-first heap   total 262144K, used 114688K [0x0000000080000000, 0x0000000100000000)
  region size 1024K, 13 young (13312K), 13 survivors (13312K)
 Metaspace       used 43495K, capacity 44403K, committed 44700K, reserved 1087488K
  class space    used 5396K, capacity 5741K, committed 5868K, reserved 1048576K
}
Event: 19.705 GC heap before
{Heap before GC invocations=12 (full 0):
 garbage-first heap   total 262144K, used 191488K [0x0000000080000000, 0x0000000100000000)
  region size 1024K, 88 young (90112K), 13 survivors (13312K)
 Metaspace       used 43495K, capacity 44403K, committed 44700K, reserved 1087488K
  class space    used 5396K, capacity 5741K, committed 5868K, reserved 1048576K
}
Event: 19.713 GC heap after
{Heap after GC invocations=13 (full 0):
 garbage-first heap   total 262144K, used 129920K [0x0000000080000000, 0x0000000100000000)
  region size 1024K, 11 young (11264K), 11 survivors (11264K)
 Metaspace       used 43495K, capacity 44403K, committed 44700K, reserved 1087488K
  class space    used 5396K, capacity 5741K, committed 5868K, reserved 1048576K
}
Event: 31.617 GC heap before
{Heap before GC invocations=13 (full 0):
 garbage-first heap   total 262144K, used 195456K [0x0000000080000000, 0x0000000100000000)
  region size 1024K, 75 young (76800K), 11 survivors (11264K)
 Metaspace       used 43707K, capacity 44658K, committed 44956K, reserved 1089536K
  class space    used 5406K, capacity 5753K, committed 5868K, reserved 1048576K
}
Event: 31.622 GC heap after
{Heap after GC invocations=14 (full 0):
 garbage-first heap   total 262144K, used 131178K [0x0000000080000000, 0x0000000100000000)
  region size 1024K, 6 young (6144K), 6 survivors (6144K)
 Metaspace       used 43707K, capacity 44658K, committed 44956K, reserved 1089536K
  class space    used 5406K, capacity 5753K, committed 5868K, reserved 1048576K
}
Event: 31.839 GC heap before
{Heap before GC invocations=15 (full 0):
 garbage-first heap   total 262144K, used 143587K [0x0000000080000000, 0x0000000100000000)
  region size 1024K, 72 young (73728K), 6 survivors (6144K)
 Metaspace       used 43694K, capacity 44640K, committed 44956K, reserved 1089536K
  class space    used 5401K, capacity 5747K, committed 5868K, reserved 1048576K
}
Event: 31.844 GC heap after
{Heap after GC invocations=16 (full 0):
 garbage-first heap   total 262144K, used 89079K [0x0000000080000000, 0x0000000100000000)
  region size 1024K, 9 young (9216K), 9 survivors (9216K)
 Metaspace       used 43694K, capacity 44640K, committed 44956K, reserved 1089536K
  class space    used 5401K, capacity 5747K, committed 5868K, reserved 1048576K
}
Event: 31.854 GC heap before
{Heap before GC invocations=16 (full 0):
 garbage-first heap   total 262144K, used 91127K [0x0000000080000000, 0x0000000100000000)
  region size 1024K, 12 young (12288K), 9 survivors (9216K)
 Metaspace       used 43694K, capacity 44640K, committed 44956K, reserved 1089536K
  class space    used 5401K, capacity 5747K, committed 5868K, reserved 1048576K
}
Event: 31.856 GC heap after
{Heap after GC invocations=17 (full 0):
 garbage-first heap   total 262144K, used 63234K [0x0000000080000000, 0x0000000100000000)
  region size 1024K, 2 young (2048K), 2 survivors (2048K)
 Metaspace       used 43694K, capacity 44640K, committed 44956K, reserved 1089536K
  class space    used 5401K, capacity 5747K, committed 5868K, reserved 1048576K
}
Event: 32.169 GC heap before
{Heap before GC invocations=17 (full 0):
 garbage-first heap   total 262144K, used 170754K [0x0000000080000000, 0x0000000100000000)
  region size 1024K, 107 young (109568K), 2 survivors (2048K)
 Metaspace       used 43697K, capacity 44644K, committed 44956K, reserved 1089536K
  class space    used 5401K, capacity 5747K, committed 5868K, reserved 1048576K
}
Event: 32.174 GC heap after
{Heap after GC invocations=18 (full 0):
 garbage-first heap   total 262144K, used 92342K [0x0000000080000000, 0x0000000100000000)
  region size 1024K, 14 young (14336K), 14 survivors (14336K)
 Metaspace       used 43697K, capacity 44644K, committed 44956K, reserved 1089536K
  class space    used 5401K, capacity 5747K, committed 5868K, reserved 1048576K
}

Deoptimization events (20 events):
Event: 18.852 Thread 0x000002c2f3e4b800 DEOPT PACKING pc=0x000002c2e1388230 sp=0x000000e8a1afe460
Event: 18.852 Thread 0x000002c2f3e4b800 DEOPT UNPACKING pc=0x000002c2d96f78af sp=0x000000e8a1afe3e8 mode 2
Event: 18.868 Thread 0x000002c2f2869000 Uncommon trap: trap_request=0xffffffc6 fr.pc=0x000002c2e13828e8 relative=0x00000000000018e8
Event: 18.868 Thread 0x000002c2f2869000 Uncommon trap: reason=bimorphic_or_optimized_type_check action=maybe_recompile pc=0x000002c2e13828e8 method=com.google.common.collect.AbstractIterator.tryToComputeNext()Z @ 9 c2
Event: 18.868 Thread 0x000002c2f2869000 DEOPT PACKING pc=0x000002c2e13828e8 sp=0x000000e89fafaa60
Event: 18.868 Thread 0x000002c2f2869000 DEOPT UNPACKING pc=0x000002c2d96f78af sp=0x000000e89fafaa48 mode 2
Event: 19.275 Thread 0x000002c2f2869000 Uncommon trap: trap_request=0xffffff4d fr.pc=0x000002c2e1382764 relative=0x0000000000001764
Event: 19.275 Thread 0x000002c2f2869000 Uncommon trap: reason=unstable_if action=reinterpret pc=0x000002c2e1382764 method=com.google.common.collect.AbstractIterator.tryToComputeNext()Z @ 22 c2
Event: 19.275 Thread 0x000002c2f2869000 DEOPT PACKING pc=0x000002c2e1382764 sp=0x000000e89fafb010
Event: 19.275 Thread 0x000002c2f2869000 DEOPT UNPACKING pc=0x000002c2d96f78af sp=0x000000e89fafaff8 mode 2
Event: 19.742 Thread 0x000002c2f2869000 Uncommon trap: trap_request=0xffffff4d fr.pc=0x000002c2e12746e4 relative=0x0000000000000684
Event: 19.743 Thread 0x000002c2f2869000 Uncommon trap: reason=unstable_if action=reinterpret pc=0x000002c2e12746e4 method=java.util.WeakHashMap.eq(Ljava/lang/Object;Ljava/lang/Object;)Z @ 2 c2
Event: 19.743 Thread 0x000002c2f2869000 DEOPT PACKING pc=0x000002c2e12746e4 sp=0x000000e89fafaec0
Event: 19.743 Thread 0x000002c2f2869000 DEOPT UNPACKING pc=0x000002c2d96f78af sp=0x000000e89fafad30 mode 2
Event: 19.855 Thread 0x000002c2f2869000 Uncommon trap: trap_request=0xffffff4d fr.pc=0x000002c2e138be84 relative=0x0000000000000264
Event: 19.855 Thread 0x000002c2f2869000 Uncommon trap: reason=unstable_if action=reinterpret pc=0x000002c2e138be84 method=java.util.WeakHashMap$HashIterator.hasNext()Z @ 30 c2
Event: 19.855 Thread 0x000002c2f2869000 DEOPT PACKING pc=0x000002c2e138be84 sp=0x000000e89fafae20
Event: 19.855 Thread 0x000002c2f2869000 DEOPT UNPACKING pc=0x000002c2d96f78af sp=0x000000e89fafadc0 mode 2
Event: 31.569 Thread 0x000002c2f2869000 DEOPT PACKING pc=0x000002c2d9d1919b sp=0x000000e89faf69c0
Event: 31.569 Thread 0x000002c2f2869000 DEOPT UNPACKING pc=0x000002c2d96f76ce sp=0x000000e89faf5f00 mode 0

Classes redefined (0 events):
No events

Internal exceptions (20 events):
Event: 5.539 Thread 0x000002c2f2869000 Exception <a 'java/lang/NoSuchMethodError'{0x000000008cc0b8b0}: 'int java.lang.invoke.DirectMethodHandle$Holder.invokeStaticInit(java.lang.Object)'> (0x000000008cc0b8b0) thrown at [./src/hotspot/share/interpreter/linkResolver.cpp, line 773]
Event: 7.402 Thread 0x000002c2f2869000 Exception <a 'java/lang/OutOfMemoryError'{0x000000008a5d0f90}> (0x000000008a5d0f90) thrown at [./src/hotspot/share/prims/jni.cpp, line 636]
Event: 7.406 Thread 0x000002c2f2869000 Implicit null exception at 0x000002c2e12f7b94 to 0x000002c2e12f86e4
Event: 7.406 Thread 0x000002c2f2869000 Implicit null exception at 0x000002c2e12f67d3 to 0x000002c2e12f6fc4
Event: 7.735 Thread 0x000002c2f3471800 Exception <a 'java/lang/NoSuchMethodError'{0x000000008a19a590}: <clinit>> (0x000000008a19a590) thrown at [./src/hotspot/share/prims/jni.cpp, line 1362]
Event: 7.735 Thread 0x000002c2f3471800 Exception <a 'java/lang/NoSuchMethodError'{0x000000008a1a66f8}: <clinit>> (0x000000008a1a66f8) thrown at [./src/hotspot/share/prims/jni.cpp, line 1362]
Event: 18.854 Thread 0x000002c2f3e4b800 Exception <a 'sun/nio/fs/WindowsException'{0x000000008fb85c58}> (0x000000008fb85c58) thrown at [./src/hotspot/share/prims/jni.cpp, line 615]
Event: 18.854 Thread 0x000002c2f3e4b800 Exception <a 'sun/nio/fs/WindowsException'{0x000000008fb85e50}> (0x000000008fb85e50) thrown at [./src/hotspot/share/prims/jni.cpp, line 615]
Event: 18.855 Thread 0x000002c2f3e4b800 Exception <a 'sun/nio/fs/WindowsException'{0x000000008fb860e8}> (0x000000008fb860e8) thrown at [./src/hotspot/share/prims/jni.cpp, line 615]
Event: 18.855 Thread 0x000002c2f3e4b800 Exception <a 'sun/nio/fs/WindowsException'{0x000000008fb863f0}> (0x000000008fb863f0) thrown at [./src/hotspot/share/prims/jni.cpp, line 615]
Event: 18.860 Thread 0x000002c2f2869000 Exception <a 'java/lang/ClassNotFoundException'{0x000000008fbbb6a8}: sync_studio_tooling4117_6643y0jvdda6ht1ic92ej5tdrBeanInfo> (0x000000008fbbb6a8) thrown at [./src/hotspot/share/classfile/systemDictionary.cpp, line 231]
Event: 18.860 Thread 0x000002c2f2869000 Exception <a 'java/lang/ClassNotFoundException'{0x000000008fbc4420}: sync_studio_tooling4117_6643y0jvdda6ht1ic92ej5tdrCustomizer> (0x000000008fbc4420) thrown at [./src/hotspot/share/classfile/systemDictionary.cpp, line 231]
Event: 19.854 Thread 0x000002c2f2869000 Exception <a 'java/lang/OutOfMemoryError'{0x000000008d1bb720}> (0x000000008d1bb720) thrown at [./src/hotspot/share/prims/jni.cpp, line 636]
Event: 31.567 Thread 0x000002c2f3e47800 Exception <a 'sun/nio/fs/WindowsException'{0x000000008cb85318}> (0x000000008cb85318) thrown at [./src/hotspot/share/prims/jni.cpp, line 615]
Event: 31.567 Thread 0x000002c2f3e47800 Exception <a 'sun/nio/fs/WindowsException'{0x000000008cb854a0}> (0x000000008cb854a0) thrown at [./src/hotspot/share/prims/jni.cpp, line 615]
Event: 31.568 Thread 0x000002c2f3e47800 Exception <a 'sun/nio/fs/WindowsException'{0x000000008cb85728}> (0x000000008cb85728) thrown at [./src/hotspot/share/prims/jni.cpp, line 615]
Event: 31.568 Thread 0x000002c2f3e47800 Exception <a 'sun/nio/fs/WindowsException'{0x000000008cb85a30}> (0x000000008cb85a30) thrown at [./src/hotspot/share/prims/jni.cpp, line 615]
Event: 31.572 Thread 0x000002c2f2869000 Exception <a 'java/lang/ClassNotFoundException'{0x000000008ccb6838}: sync_studio_tooling2973_1vncfuyjgyimnjmr9lzuxqy6fBeanInfo> (0x000000008ccb6838) thrown at [./src/hotspot/share/classfile/systemDictionary.cpp, line 231]
Event: 31.572 Thread 0x000002c2f2869000 Exception <a 'java/lang/ClassNotFoundException'{0x000000008cba3db0}: sync_studio_tooling2973_1vncfuyjgyimnjmr9lzuxqy6fCustomizer> (0x000000008cba3db0) thrown at [./src/hotspot/share/classfile/systemDictionary.cpp, line 231]
Event: 32.229 Thread 0x000002c2f2869000 Exception <a 'java/lang/OutOfMemoryError'{0x000000008f0fd6d8}> (0x000000008f0fd6d8) thrown at [./src/hotspot/share/prims/jni.cpp, line 636]

Events (20 events):
Event: 31.574 loading class groovy/runtime/metaclass/sync_studio_tooling2973_1vncfuyjgyimnjmr9lzuxqy6f$_run_closure1MetaClass
Event: 31.574 loading class groovy/runtime/metaclass/sync_studio_tooling2973_1vncfuyjgyimnjmr9lzuxqy6f$_run_closure1MetaClass done
Event: 31.575 loading class groovy/runtime/metaclass/sync_studio_tooling2973_1vncfuyjgyimnjmr9lzuxqy6f$_run_closure1$_closure2MetaClass
Event: 31.575 loading class groovy/runtime/metaclass/sync_studio_tooling2973_1vncfuyjgyimnjmr9lzuxqy6f$_run_closure1$_closure2MetaClass done
Event: 31.576 loading class org/codehaus/groovy/runtime/ScriptBytecodeAdapter
Event: 31.576 loading class org/codehaus/groovy/runtime/ScriptBytecodeAdapter done
Event: 31.580 Thread 0x000002c2f7271800 Thread added: 0x000002c2f7271800
Event: 31.617 Executing VM operation: G1CollectForAllocation
Event: 31.622 Executing VM operation: G1CollectForAllocation done
Event: 31.637 Executing VM operation: CGC_Operation
Event: 31.642 Executing VM operation: CGC_Operation done
Event: 31.649 Executing VM operation: CGC_Operation
Event: 31.649 Executing VM operation: CGC_Operation done
Event: 31.839 Executing VM operation: G1CollectForAllocation
Event: 31.844 Executing VM operation: G1CollectForAllocation done
Event: 31.854 Executing VM operation: G1CollectForAllocation
Event: 31.856 Executing VM operation: G1CollectForAllocation done
Event: 31.966 Thread 0x000002c2f7271800 Thread exited: 0x000002c2f7271800
Event: 32.169 Executing VM operation: G1CollectForAllocation
Event: 32.174 Executing VM operation: G1CollectForAllocation done


Dynamic libraries:
0x00007ff7a6490000 - 0x00007ff7a649a000 	D:\mysoftware\android-studio-2020.3.1.24-windows\android-studio\jre\bin\java.exe
0x00007fffa6710000 - 0x00007fffa6905000 	C:\Windows\SYSTEM32\ntdll.dll
0x00007fffa4a80000 - 0x00007fffa4b3e000 	C:\Windows\System32\KERNEL32.DLL
0x00007fffa4430000 - 0x00007fffa46f9000 	C:\Windows\System32\KERNELBASE.dll
0x00007fffa3f90000 - 0x00007fffa4090000 	C:\Windows\System32\ucrtbase.dll
0x00007fff9c4f0000 - 0x00007fff9c509000 	D:\mysoftware\android-studio-2020.3.1.24-windows\android-studio\jre\bin\jli.dll
0x00007fff97cc0000 - 0x00007fff97cd7000 	D:\mysoftware\android-studio-2020.3.1.24-windows\android-studio\jre\bin\VCRUNTIME140.dll
0x00007fffa57b0000 - 0x00007fffa5951000 	C:\Windows\System32\USER32.dll
0x00007fffa4730000 - 0x00007fffa4752000 	C:\Windows\System32\win32u.dll
0x00007fff94ae0000 - 0x00007fff94d7a000 	C:\Windows\WinSxS\amd64_microsoft.windows.common-controls_6595b64144ccf1df_6.0.19041.1110_none_60b5254171f9507e\COMCTL32.dll
0x00007fffa4a50000 - 0x00007fffa4a7b000 	C:\Windows\System32\GDI32.dll
0x00007fffa4990000 - 0x00007fffa4a2e000 	C:\Windows\System32\msvcrt.dll
0x00007fffa4180000 - 0x00007fffa428b000 	C:\Windows\System32\gdi32full.dll
0x00007fffa4290000 - 0x00007fffa432d000 	C:\Windows\System32\msvcp_win.dll
0x00007fffa4b40000 - 0x00007fffa4b70000 	C:\Windows\System32\IMM32.DLL
0x00007fff5c620000 - 0x00007fff5c6bd000 	D:\mysoftware\android-studio-2020.3.1.24-windows\android-studio\jre\bin\msvcp140.dll
0x00007fff56ea0000 - 0x00007fff5796f000 	D:\mysoftware\android-studio-2020.3.1.24-windows\android-studio\jre\bin\server\jvm.dll
0x00007fffa5e30000 - 0x00007fffa5edc000 	C:\Windows\System32\ADVAPI32.dll
0x00007fffa4890000 - 0x00007fffa492b000 	C:\Windows\System32\sechost.dll
0x00007fffa4e10000 - 0x00007fffa4f3a000 	C:\Windows\System32\RPCRT4.dll
0x00007fffa4be0000 - 0x00007fffa4be8000 	C:\Windows\System32\PSAPI.DLL
0x00007fffa1bd0000 - 0x00007fffa1bd9000 	C:\Windows\SYSTEM32\WSOCK32.dll
0x00007fff9bc50000 - 0x00007fff9bc77000 	C:\Windows\SYSTEM32\WINMM.dll
0x00007fffa1cc0000 - 0x00007fffa1cca000 	C:\Windows\SYSTEM32\VERSION.dll
0x00007fffa4c70000 - 0x00007fffa4cdb000 	C:\Windows\System32\WS2_32.dll
0x00007fffa26b0000 - 0x00007fffa26c2000 	C:\Windows\SYSTEM32\kernel.appcore.dll
0x00007fffa1bb0000 - 0x00007fffa1bc1000 	D:\mysoftware\android-studio-2020.3.1.24-windows\android-studio\jre\bin\verify.dll
0x00007fff92660000 - 0x00007fff92844000 	C:\Windows\SYSTEM32\DBGHELP.DLL
0x00007fff91de0000 - 0x00007fff91e0c000 	C:\Windows\SYSTEM32\dbgcore.DLL
0x00007fffa40f0000 - 0x00007fffa4173000 	C:\Windows\System32\bcryptPrimitives.dll
0x00007fff9c2e0000 - 0x00007fff9c309000 	D:\mysoftware\android-studio-2020.3.1.24-windows\android-studio\jre\bin\java.dll
0x00007fff9f620000 - 0x00007fff9f62b000 	D:\mysoftware\android-studio-2020.3.1.24-windows\android-studio\jre\bin\jimage.dll
0x00007fff9f1c0000 - 0x00007fff9f1d8000 	D:\mysoftware\android-studio-2020.3.1.24-windows\android-studio\jre\bin\zip.dll
0x00007fffa5f90000 - 0x00007fffa66cf000 	C:\Windows\System32\SHELL32.dll
0x00007fffa1f10000 - 0x00007fffa26a0000 	C:\Windows\SYSTEM32\windows.storage.dll
0x00007fffa53c0000 - 0x00007fffa5715000 	C:\Windows\System32\combase.dll
0x00007fffa3810000 - 0x00007fffa383c000 	C:\Windows\SYSTEM32\Wldp.dll
0x00007fffa5ee0000 - 0x00007fffa5f8d000 	C:\Windows\System32\SHCORE.dll
0x00007fffa4b80000 - 0x00007fffa4bd5000 	C:\Windows\System32\shlwapi.dll
0x00007fffa3d70000 - 0x00007fffa3d8f000 	C:\Windows\SYSTEM32\profapi.dll
0x00007fff9dcb0000 - 0x00007fff9dcca000 	D:\mysoftware\android-studio-2020.3.1.24-windows\android-studio\jre\bin\net.dll
0x00007fff9b860000 - 0x00007fff9b968000 	C:\Windows\SYSTEM32\WINHTTP.dll
0x00007fffa3570000 - 0x00007fffa35da000 	C:\Windows\system32\mswsock.dll
0x00007fff9dbd0000 - 0x00007fff9dbe4000 	D:\mysoftware\android-studio-2020.3.1.24-windows\android-studio\jre\bin\nio.dll
0x00007fff6ca70000 - 0x00007fff6ca97000 	G:\android\.gradle\native\f6784746aeab05261644944871eae4fe03e0ef1612fff0a4a95f87b438bc6780\windows-amd64\native-platform.dll
0x00007fff9f5e0000 - 0x00007fff9f5ea000 	D:\mysoftware\android-studio-2020.3.1.24-windows\android-studio\jre\bin\management.dll
0x00007fff9c660000 - 0x00007fff9c66c000 	D:\mysoftware\android-studio-2020.3.1.24-windows\android-studio\jre\bin\management_ext.dll
0x00007fffa3760000 - 0x00007fffa3778000 	C:\Windows\SYSTEM32\CRYPTSP.dll
0x00007fffa2ef0000 - 0x00007fffa2f24000 	C:\Windows\system32\rsaenh.dll
0x00007fffa4700000 - 0x00007fffa4727000 	C:\Windows\System32\bcrypt.dll
0x00007fffa3d30000 - 0x00007fffa3d5e000 	C:\Windows\SYSTEM32\USERENV.dll
0x00007fffa3780000 - 0x00007fffa378c000 	C:\Windows\SYSTEM32\CRYPTBASE.dll
0x00007fffa3260000 - 0x00007fffa329b000 	C:\Windows\SYSTEM32\IPHLPAPI.DLL
0x00007fffa5d10000 - 0x00007fffa5d18000 	C:\Windows\System32\NSI.dll
0x00007fff9dfb0000 - 0x00007fff9dfc7000 	C:\Windows\SYSTEM32\dhcpcsvc6.DLL
0x00007fff9df90000 - 0x00007fff9dfad000 	C:\Windows\SYSTEM32\dhcpcsvc.DLL
0x00007fffa32a0000 - 0x00007fffa336c000 	C:\Windows\SYSTEM32\DNSAPI.dll
0x00007fff9ded0000 - 0x00007fff9dedb000 	C:\Windows\SYSTEM32\WINNSI.DLL
0x00007fffa2b00000 - 0x00007fffa2b33000 	C:\Windows\SYSTEM32\ntmarta.dll

dbghelp: loaded successfully - version: 4.0.5 - missing functions: none
symbol engine: initialized successfully - sym options: 0x614 - pdb path: .;D:\mysoftware\android-studio-2020.3.1.24-windows\android-studio\jre\bin;C:\Windows\SYSTEM32;C:\Windows\WinSxS\amd64_microsoft.windows.common-controls_6595b64144ccf1df_6.0.19041.1110_none_60b5254171f9507e;D:\mysoftware\android-studio-2020.3.1.24-windows\android-studio\jre\bin\server;G:\android\.gradle\native\f6784746aeab05261644944871eae4fe03e0ef1612fff0a4a95f87b438bc6780\windows-amd64

VM Arguments:
jvm_args: --add-opens=java.base/java.util=ALL-UNNAMED --add-opens=java.base/java.lang=ALL-UNNAMED --add-opens=java.base/java.lang.invoke=ALL-UNNAMED --add-opens=java.prefs/java.util.prefs=ALL-UNNAMED -Xmx2048m -Dfile.encoding=GBK -Duser.country -Duser.language=en -Duser.variant 
java_command: org.gradle.launcher.daemon.bootstrap.GradleDaemon 6.5
java_class_path (initial): G:\android\.gradle\wrapper\dists\gradle-6.5-all\2oz4ud9k3tuxjg84bbf55q0tn\gradle-6.5\lib\gradle-launcher-6.5.jar
Launcher Type: SUN_STANDARD

[Global flags]
     intx CICompilerCount                          = 4                                         {product} {ergonomic}
     uint ConcGCThreads                            = 3                                         {product} {ergonomic}
     uint G1ConcRefinementThreads                  = 10                                        {product} {ergonomic}
   size_t G1HeapRegionSize                         = 1048576                                   {product} {ergonomic}
    uintx GCDrainStackTargetSize                   = 64                                        {product} {ergonomic}
   size_t InitialHeapSize                          = 268435456                                 {product} {ergonomic}
   size_t MarkStackSize                            = 4194304                                   {product} {ergonomic}
   size_t MaxHeapSize                              = 2147483648                                {product} {command line}
   size_t MaxNewSize                               = 1287651328                                {product} {ergonomic}
   size_t MinHeapDeltaBytes                        = 1048576                                   {product} {ergonomic}
    uintx NonNMethodCodeHeapSize                   = 5836300                                {pd product} {ergonomic}
    uintx NonProfiledCodeHeapSize                  = 122910970                              {pd product} {ergonomic}
    uintx ProfiledCodeHeapSize                     = 122910970                              {pd product} {ergonomic}
    uintx ReservedCodeCacheSize                    = 251658240                              {pd product} {ergonomic}
     bool SegmentedCodeCache                       = true                                      {product} {ergonomic}
     bool UseCompressedClassPointers               = true                                 {lp64_product} {ergonomic}
     bool UseCompressedOops                        = true                                 {lp64_product} {ergonomic}
     bool UseG1GC                                  = true                                      {product} {ergonomic}
     bool UseLargePagesIndividualAllocation        = false                                  {pd product} {ergonomic}

Logging:
Log output configuration:
 #0: stdout all=warning uptime,level,tags
 #1: stderr all=off uptime,level,tags

Environment Variables:
JAVA_HOME=E:\myprogram\Java\jdk1.8.0_91
PATH=C:\Python310\Scripts\;C:\Python310\;E:\myprogram\VMware\VMware Workstation\bin\;C:\Windows\system32;C:\Windows;C:\Windows\System32\Wbem;C:\Windows\System32\WindowsPowerShell\v1.0\;C:\Windows\System32\OpenSSH\;C:\Program Files (x86)\ATI Technologies\ATI.ACE\Core-Static;D:\mysoftware\微信web开发者工具\dll;%JAVA_;OME%\bin;D:\mysoftware\git\bin;C:\phpEnv\php\php-7.4;C:\Program Files\nodejs\;C:\ProgramData\chocolatey\bin;D:\android\sdk\platform-tools;D:\android\flutter\bin;C:\composer;C:\Users\Administrator\AppData\Local\Microsoft\WindowsApps;C:\Users\Administrator\AppData\Local\GitHubDesktop\bin;D:\mysoftware\Fiddler;C:\Users\Administrator\AppData\Roaming\Composer\vendor\bin;C:\Users\Administrator\AppData\Roaming\npm;C:\phpEnv\php\php-7.4\;C:\phpEnv\server\mysql\mysql-5.7\bin\;C:\phpEnv\tools\Composer\;D:\mysoftware\Microsoft VS Code\bin
USERNAME=Administrator
OS=Windows_NT
PROCESSOR_IDENTIFIER=AMD64 Family 23 Model 1 Stepping 1, AuthenticAMD



---------------  S Y S T E M  ---------------

OS: Windows 10 , 64 bit Build 19041 (10.0.19041.1202)
OS uptime: 2 days 0:24 hours

CPU:total 12 (initial active 12) (12 cores per cpu, 2 threads per core) family 23 model 1 stepping 1 microcode 0x0, cmov, cx8, fxsr, mmx, sse, sse2, sse3, ssse3, sse4.1, sse4.2, popcnt, avx, avx2, aes, clmul, mmxext, 3dnowpref, lzcnt, sse4a, ht, tsc, tscinvbit, tscinv, bmi1, bmi2, adx, s

Memory: 4k page, system-wide physical 16335M (2576M free)
TotalPageFile size 16335M (AvailPageFile size 68M)
current process WorkingSet (physical memory assigned to process): 498M, peak: 519M
current process commit charge ("private bytes"): 646M, peak: 777M

vm_info: OpenJDK 64-Bit Server VM (11.0.10+0-b96-7249189) for windows-amd64 JRE (11.0.10+0-b96-7249189), built on Mar 31 2021 21:44:00 by "builder" with MS VC++ 14.0 (VS2015)

END.
