#
# There is insufficient memory for the Java Runtime Environment to continue.
# Native memory allocation (malloc) failed to allocate 375536 bytes for Chunk::new
# Possible reasons:
#   The system is out of physical RAM or swap space
#   The process is running with CompressedOops enabled, and the Java Heap may be blocking the growth of the native heap
# Possible solutions:
#   Reduce memory load on the system
#   Increase physical memory or swap space
#   Check if swap backing store is full
#   Decrease Java heap size (-Xmx/-Xms)
#   Decrease number of Java threads
#   Decrease Java thread stack sizes (-Xss)
#   Set larger code cache with -XX:ReservedCodeCacheSize=
#   JVM is running with Unscaled Compressed Oops mode in which the Java heap is
#     placed in the first 4GB address space. The Java Heap base address is the
#     maximum limit for the native heap growth. Please use -XX:HeapBaseMinAddress
#     to set the Java Heap base and to place the Java Heap above 4GB virtual address.
# This output file may be truncated or incomplete.
#
#  Out of Memory Error (./src/hotspot/share/memory/arena.cpp:197), pid=10656, tid=11964
#
# JRE version: OpenJDK Runtime Environment (11.0.10) (build 11.0.10+0-b96-7249189)
# Java VM: OpenJDK 64-Bit Server VM (11.0.10+0-b96-7249189, mixed mode, tiered, compressed oops, g1 gc, windows-amd64)
# No core dump will be written. Minidumps are not enabled by default on client versions of Windows
#

---------------  S U M M A R Y ------------

Command Line: --add-opens=java.base/java.util=ALL-UNNAMED --add-opens=java.base/java.lang=ALL-UNNAMED --add-opens=java.base/java.lang.invoke=ALL-UNNAMED --add-opens=java.prefs/java.util.prefs=ALL-UNNAMED -Xmx2048m -Dfile.encoding=GBK -Duser.country -Duser.language=en -Duser.variant org.gradle.launcher.daemon.bootstrap.GradleDaemon 6.5

Host: AMD Ryzen 5 1600 Six-Core Processor            , 12 cores, 15G,  Windows 10 , 64 bit Build 19041 (10.0.19041.1202)
Time: Thu Jun 30 14:13:57 2022 中国标准时间 elapsed time: 5.810694 seconds (0d 0h 0m 5s)

---------------  T H R E A D  ---------------

Current thread (0x000001643aaf0800):  JavaThread "C2 CompilerThread2" daemon [_thread_in_native, id=11964, stack(0x0000005c2e300000,0x0000005c2e400000)]


Current CompileTask:
C2:   5810 3336   !   4       java.util.concurrent.ConcurrentHashMap::computeIfAbsent (576 bytes)

Stack: [0x0000005c2e300000,0x0000005c2e400000]
Native frames: (J=compiled Java code, j=interpreted, Vv=VM code, C=native code)
V  [jvm.dll+0x5ecfaa]
V  [jvm.dll+0x722bd5]
V  [jvm.dll+0x72412d]
V  [jvm.dll+0x7247e3]
V  [jvm.dll+0x242928]
V  [jvm.dll+0xbc4fc]
V  [jvm.dll+0xbca0c]
V  [jvm.dll+0x352d3b]
V  [jvm.dll+0x197e0c]
V  [jvm.dll+0x1fb70e]
V  [jvm.dll+0x1fa7f4]
V  [jvm.dll+0x18354c]
V  [jvm.dll+0x208ee7]
V  [jvm.dll+0x207731]
V  [jvm.dll+0x6eb1cf]
V  [jvm.dll+0x6e3d45]
V  [jvm.dll+0x5ebe96]
C  [ucrtbase.dll+0x21bb2]
C  [KERNEL32.DLL+0x17034]
C  [ntdll.dll+0x52651]


---------------  P R O C E S S  ---------------

Threads class SMR info:
_java_thread_list=0x000001642d7b31b0, length=47, elements={
0x000001640b5f8000, 0x0000016426e65800, 0x0000016426e73800, 0x0000016426eda800,
0x0000016426edb800, 0x0000016426ee0800, 0x0000016426ee4000, 0x0000016426ee7800,
0x0000016426efc800, 0x000001642705b000, 0x000001642935c800, 0x00000164271ba800,
0x0000016427c10800, 0x0000016428102800, 0x0000016429167800, 0x000001642904e800,
0x000001642904f000, 0x0000016429162000, 0x00000164284f3800, 0x0000016428825000,
0x0000016428822000, 0x0000016428821000, 0x0000016428826000, 0x0000016428824800,
0x0000016428823800, 0x0000016428827800, 0x0000016428823000, 0x0000016429360000,
0x000001642935f000, 0x0000016429360800, 0x0000016429361800, 0x0000016429362800,
0x0000016429364000, 0x0000016429363000, 0x000001642935e000, 0x0000016429365000,
0x000001642936b800, 0x0000016429367000, 0x000001642936a800, 0x0000016429368000,
0x0000016429365800, 0x000001642936c000, 0x0000016429369000, 0x0000016429577000,
0x0000016429577800, 0x000001642e337800, 0x000001643aaf0800
}

Java Threads: ( => current thread )
  0x000001640b5f8000 JavaThread "main" [_thread_blocked, id=4944, stack(0x0000005c29c00000,0x0000005c29d00000)]
  0x0000016426e65800 JavaThread "Reference Handler" daemon [_thread_blocked, id=12516, stack(0x0000005c2a300000,0x0000005c2a400000)]
  0x0000016426e73800 JavaThread "Finalizer" daemon [_thread_blocked, id=17736, stack(0x0000005c2a400000,0x0000005c2a500000)]
  0x0000016426eda800 JavaThread "Signal Dispatcher" daemon [_thread_blocked, id=12092, stack(0x0000005c2a500000,0x0000005c2a600000)]
  0x0000016426edb800 JavaThread "Attach Listener" daemon [_thread_blocked, id=11240, stack(0x0000005c2a600000,0x0000005c2a700000)]
  0x0000016426ee0800 JavaThread "Service Thread" daemon [_thread_blocked, id=156, stack(0x0000005c2a700000,0x0000005c2a800000)]
  0x0000016426ee4000 JavaThread "C2 CompilerThread0" daemon [_thread_blocked, id=13920, stack(0x0000005c2a800000,0x0000005c2a900000)]
  0x0000016426ee7800 JavaThread "C1 CompilerThread0" daemon [_thread_blocked, id=12912, stack(0x0000005c2a900000,0x0000005c2aa00000)]
  0x0000016426efc800 JavaThread "Sweeper thread" daemon [_thread_blocked, id=16296, stack(0x0000005c2aa00000,0x0000005c2ab00000)]
  0x000001642705b000 JavaThread "Common-Cleaner" daemon [_thread_blocked, id=9496, stack(0x0000005c2ab00000,0x0000005c2ac00000)]
  0x000001642935c800 JavaThread "Daemon health stats" [_thread_blocked, id=9928, stack(0x0000005c2b400000,0x0000005c2b500000)]
  0x00000164271ba800 JavaThread "Incoming local TCP Connector on port 65413" [_thread_in_native, id=6584, stack(0x0000005c2b500000,0x0000005c2b600000)]
  0x0000016427c10800 JavaThread "Daemon periodic checks" [_thread_blocked, id=15696, stack(0x0000005c2b600000,0x0000005c2b700000)]
  0x0000016428102800 JavaThread "Daemon" [_thread_blocked, id=1860, stack(0x0000005c2b700000,0x0000005c2b800000)]
  0x0000016429167800 JavaThread "Handler for socket connection from /127.0.0.1:65413 to /127.0.0.1:65414" [_thread_in_native, id=12868, stack(0x0000005c2b800000,0x0000005c2b900000)]
  0x000001642904e800 JavaThread "Cancel handler" [_thread_blocked, id=1352, stack(0x0000005c2b900000,0x0000005c2ba00000)]
  0x000001642904f000 JavaThread "Daemon worker" [_thread_blocked, id=16496, stack(0x0000005c2ba00000,0x0000005c2bb00000)]
  0x0000016429162000 JavaThread "Asynchronous log dispatcher for DefaultDaemonConnection: socket connection from /127.0.0.1:65413 to /127.0.0.1:65414" [_thread_blocked, id=17788, stack(0x0000005c2bb00000,0x0000005c2bc00000)]
  0x00000164284f3800 JavaThread "Stdin handler" [_thread_blocked, id=11740, stack(0x0000005c2bc00000,0x0000005c2bd00000)]
  0x0000016428825000 JavaThread "Thread-8" [_thread_blocked, id=14868, stack(0x0000005c2bd00000,0x0000005c2be00000)]
  0x0000016428822000 JavaThread "Cache worker for journal cache (G:\android\.gradle\caches\journal-1)" [_thread_blocked, id=17444, stack(0x0000005c2be00000,0x0000005c2bf00000)]
  0x0000016428821000 JavaThread "File lock request listener" [_thread_in_native, id=18104, stack(0x0000005c2bf00000,0x0000005c2c000000)]
  0x0000016428826000 JavaThread "Cache worker for file hash cache (G:\android\.gradle\caches\6.5\fileHashes)" [_thread_blocked, id=7368, stack(0x0000005c2c000000,0x0000005c2c100000)]
  0x0000016428824800 JavaThread "jar transforms" [_thread_blocked, id=7436, stack(0x0000005c2ca00000,0x0000005c2cb00000)]
  0x0000016428823800 JavaThread "jar transforms Thread 2" [_thread_blocked, id=10624, stack(0x0000005c2cb00000,0x0000005c2cc00000)]
  0x0000016428827800 JavaThread "jar transforms Thread 3" [_thread_blocked, id=8608, stack(0x0000005c2cc00000,0x0000005c2cd00000)]
  0x0000016428823000 JavaThread "jar transforms Thread 4" [_thread_blocked, id=10804, stack(0x0000005c2cd00000,0x0000005c2ce00000)]
  0x0000016429360000 JavaThread "jar transforms Thread 5" [_thread_blocked, id=7196, stack(0x0000005c2ce00000,0x0000005c2cf00000)]
  0x000001642935f000 JavaThread "jar transforms Thread 6" [_thread_blocked, id=7588, stack(0x0000005c2cf00000,0x0000005c2d000000)]
  0x0000016429360800 JavaThread "jar transforms Thread 7" [_thread_blocked, id=2120, stack(0x0000005c2d000000,0x0000005c2d100000)]
  0x0000016429361800 JavaThread "jar transforms Thread 8" [_thread_blocked, id=4440, stack(0x0000005c2d100000,0x0000005c2d200000)]
  0x0000016429362800 JavaThread "jar transforms Thread 9" [_thread_blocked, id=6180, stack(0x0000005c2d200000,0x0000005c2d300000)]
  0x0000016429364000 JavaThread "jar transforms Thread 10" [_thread_blocked, id=10356, stack(0x0000005c2d300000,0x0000005c2d400000)]
  0x0000016429363000 JavaThread "jar transforms Thread 11" [_thread_blocked, id=11332, stack(0x0000005c2d400000,0x0000005c2d500000)]
  0x000001642935e000 JavaThread "jar transforms Thread 12" [_thread_blocked, id=10900, stack(0x0000005c2d500000,0x0000005c2d600000)]
  0x0000016429365000 JavaThread "jar transforms Thread 13" [_thread_blocked, id=4692, stack(0x0000005c2d600000,0x0000005c2d700000)]
  0x000001642936b800 JavaThread "jar transforms Thread 14" [_thread_blocked, id=17372, stack(0x0000005c2d700000,0x0000005c2d800000)]
  0x0000016429367000 JavaThread "jar transforms Thread 15" [_thread_blocked, id=3744, stack(0x0000005c2d800000,0x0000005c2d900000)]
  0x000001642936a800 JavaThread "jar transforms Thread 16" [_thread_blocked, id=14136, stack(0x0000005c2d900000,0x0000005c2da00000)]
  0x0000016429368000 JavaThread "jar transforms Thread 17" [_thread_blocked, id=1708, stack(0x0000005c2da00000,0x0000005c2db00000)]
  0x0000016429365800 JavaThread "jar transforms Thread 18" [_thread_blocked, id=16396, stack(0x0000005c2db00000,0x0000005c2dc00000)]
  0x000001642936c000 JavaThread "jar transforms Thread 19" [_thread_blocked, id=17592, stack(0x0000005c2dc00000,0x0000005c2dd00000)]
  0x0000016429369000 JavaThread "jar transforms Thread 20" [_thread_blocked, id=13828, stack(0x0000005c2dd00000,0x0000005c2de00000)]
  0x0000016429577000 JavaThread "Cache worker for execution history cache (G:\android\.gradle\caches\6.5\executionHistory)" [_thread_blocked, id=13196, stack(0x0000005c2e100000,0x0000005c2e200000)]
  0x0000016429577800 JavaThread "Cache worker for file content cache (G:\android\.gradle\caches\6.5\fileContent)" [_thread_blocked, id=13244, stack(0x0000005c2e200000,0x0000005c2e300000)]
  0x000001642e337800 JavaThread "C2 CompilerThread1" daemon [_thread_blocked, id=11548, stack(0x0000005c2c800000,0x0000005c2c900000)]
=>0x000001643aaf0800 JavaThread "C2 CompilerThread2" daemon [_thread_in_native, id=11964, stack(0x0000005c2e300000,0x0000005c2e400000)]

Other Threads:
  0x0000016426e64000 VMThread "VM Thread" [stack: 0x0000005c2a200000,0x0000005c2a300000] [id=10104]
  0x0000016427081800 WatcherThread [stack: 0x0000005c2ac00000,0x0000005c2ad00000] [id=16896]
  0x000001640b611000 GCTaskThread "GC Thread#0" [stack: 0x0000005c29d00000,0x0000005c29e00000] [id=15136]
  0x0000016427da9000 GCTaskThread "GC Thread#1" [stack: 0x0000005c2ae00000,0x0000005c2af00000] [id=14552]
  0x0000016427920800 GCTaskThread "GC Thread#2" [stack: 0x0000005c2af00000,0x0000005c2b000000] [id=856]
  0x0000016427911000 GCTaskThread "GC Thread#3" [stack: 0x0000005c2b000000,0x0000005c2b100000] [id=9176]
  0x0000016427a9c800 GCTaskThread "GC Thread#4" [stack: 0x0000005c2b100000,0x0000005c2b200000] [id=2176]
  0x0000016427c72000 GCTaskThread "GC Thread#5" [stack: 0x0000005c2b200000,0x0000005c2b300000] [id=17968]
  0x0000016429490800 GCTaskThread "GC Thread#6" [stack: 0x0000005c2c100000,0x0000005c2c200000] [id=16992]
  0x00000164293b5000 GCTaskThread "GC Thread#7" [stack: 0x0000005c2c200000,0x0000005c2c300000] [id=14788]
  0x00000164283e0800 GCTaskThread "GC Thread#8" [stack: 0x0000005c2c300000,0x0000005c2c400000] [id=16780]
  0x00000164292f8800 GCTaskThread "GC Thread#9" [stack: 0x0000005c2c400000,0x0000005c2c500000] [id=8844]
  0x000001640b644000 ConcurrentGCThread "G1 Main Marker" [stack: 0x0000005c29e00000,0x0000005c29f00000] [id=11780]
  0x000001640b646000 ConcurrentGCThread "G1 Conc#0" [stack: 0x0000005c29f00000,0x0000005c2a000000] [id=10692]
  0x0000016427ab3000 ConcurrentGCThread "G1 Conc#1" [stack: 0x0000005c2c500000,0x0000005c2c600000] [id=7924]
  0x0000016427ba4800 ConcurrentGCThread "G1 Conc#2" [stack: 0x0000005c2c600000,0x0000005c2c700000] [id=9828]
  0x00000164264ac800 ConcurrentGCThread "G1 Refine#0" [stack: 0x0000005c2a000000,0x0000005c2a100000] [id=15832]
  0x000001642c4f5000 ConcurrentGCThread "G1 Refine#1" [stack: 0x0000005c2c700000,0x0000005c2c800000] [id=4132]
  0x00000164264af800 ConcurrentGCThread "G1 Young RemSet Sampling" [stack: 0x0000005c2a100000,0x0000005c2a200000] [id=6948]

Threads with active compile tasks:
C2 CompilerThread2   5825 3336   !   4       java.util.concurrent.ConcurrentHashMap::computeIfAbsent (576 bytes)

VM state:not at safepoint (normal execution)

VM Mutex/Monitor currently owned by a thread: None

OutOfMemory and StackOverflow Exception counts:
OutOfMemoryError java_heap_errors=1
LinkageErrors=99

Heap address: 0x0000000080000000, size: 2048 MB, Compressed Oops mode: 32-bit
Narrow klass base: 0x0000000000000000, Narrow klass shift: 3
Compressed class space size: 1073741824 Address: 0x0000000100000000

Heap:
 garbage-first heap   total 262144K, used 87040K [0x0000000080000000, 0x0000000100000000)
  region size 1024K, 4 young (4096K), 3 survivors (3072K)
 Metaspace       used 39799K, capacity 40750K, committed 40784K, reserved 1085440K
  class space    used 5036K, capacity 5365K, committed 5376K, reserved 1048576K
Heap Regions: E=young(eden), S=young(survivor), O=old, HS=humongous(starts), HC=humongous(continues), CS=collection set, F=free, A=archive, TAMS=top-at-mark-start (previous, next)
|   0|0x0000000080000000, 0x0000000080100000, 0x0000000080100000|100%| O|  |TAMS 0x0000000080100000, 0x0000000080000000| Untracked 
|   1|0x0000000080100000, 0x0000000080200000, 0x0000000080200000|100%| O|  |TAMS 0x0000000080200000, 0x0000000080100000| Untracked 
|   2|0x0000000080200000, 0x0000000080300000, 0x0000000080300000|100%| O|  |TAMS 0x0000000080300000, 0x0000000080200000| Untracked 
|   3|0x0000000080300000, 0x0000000080400000, 0x0000000080400000|100%|HS|  |TAMS 0x0000000080400000, 0x0000000080300000| Complete 
|   4|0x0000000080400000, 0x0000000080500000, 0x0000000080500000|100%|HC|  |TAMS 0x0000000080500000, 0x0000000080400000| Complete 
|   5|0x0000000080500000, 0x0000000080600000, 0x0000000080600000|100%|HC|  |TAMS 0x0000000080600000, 0x0000000080500000| Complete 
|   6|0x0000000080600000, 0x0000000080700000, 0x0000000080700000|100%| O|  |TAMS 0x0000000080700000, 0x0000000080600000| Untracked 
|   7|0x0000000080700000, 0x0000000080800000, 0x0000000080800000|100%| O|  |TAMS 0x0000000080800000, 0x0000000080700000| Untracked 
|   8|0x0000000080800000, 0x0000000080900000, 0x0000000080900000|100%| O|  |TAMS 0x0000000080900000, 0x0000000080800000| Untracked 
|   9|0x0000000080900000, 0x0000000080a00000, 0x0000000080a00000|100%| O|  |TAMS 0x0000000080a00000, 0x0000000080900000| Untracked 
|  10|0x0000000080a00000, 0x0000000080b00000, 0x0000000080b00000|100%| O|  |TAMS 0x0000000080b00000, 0x0000000080a00000| Untracked 
|  11|0x0000000080b00000, 0x0000000080c00000, 0x0000000080c00000|100%| O|  |TAMS 0x0000000080c00000, 0x0000000080b00000| Untracked 
|  12|0x0000000080c00000, 0x0000000080d00000, 0x0000000080d00000|100%| O|  |TAMS 0x0000000080d00000, 0x0000000080c00000| Untracked 
|  13|0x0000000080d00000, 0x0000000080e00000, 0x0000000080e00000|100%| O|  |TAMS 0x0000000080e00000, 0x0000000080d00000| Untracked 
|  14|0x0000000080e00000, 0x0000000080f00000, 0x0000000080f00000|100%| O|  |TAMS 0x0000000080f00000, 0x0000000080e00000| Untracked 
|  15|0x0000000080f00000, 0x0000000081000000, 0x0000000081000000|100%| O|  |TAMS 0x0000000081000000, 0x0000000080f00000| Untracked 
|  16|0x0000000081000000, 0x0000000081100000, 0x0000000081100000|100%|HS|  |TAMS 0x0000000081100000, 0x0000000081000000| Complete 
|  17|0x0000000081100000, 0x0000000081200000, 0x0000000081200000|100%|HC|  |TAMS 0x0000000081200000, 0x0000000081100000| Complete 
|  18|0x0000000081200000, 0x0000000081300000, 0x0000000081300000|100%|HS|  |TAMS 0x0000000081300000, 0x0000000081200000| Complete 
|  19|0x0000000081300000, 0x0000000081400000, 0x0000000081400000|100%|HC|  |TAMS 0x0000000081400000, 0x0000000081300000| Complete 
|  20|0x0000000081400000, 0x0000000081500000, 0x0000000081500000|100%|HC|  |TAMS 0x0000000081500000, 0x0000000081400000| Complete 
|  21|0x0000000081500000, 0x0000000081600000, 0x0000000081600000|100%|HS|  |TAMS 0x0000000081600000, 0x0000000081500000| Complete 
|  22|0x0000000081600000, 0x0000000081700000, 0x0000000081700000|100%|HC|  |TAMS 0x0000000081700000, 0x0000000081600000| Complete 
|  23|0x0000000081700000, 0x0000000081800000, 0x0000000081800000|100%|HC|  |TAMS 0x0000000081800000, 0x0000000081700000| Complete 
|  24|0x0000000081800000, 0x0000000081900000, 0x0000000081900000|100%|HC|  |TAMS 0x0000000081900000, 0x0000000081800000| Complete 
|  25|0x0000000081900000, 0x0000000081a00000, 0x0000000081a00000|100%|HC|  |TAMS 0x0000000081a00000, 0x0000000081900000| Complete 
|  26|0x0000000081a00000, 0x0000000081b00000, 0x0000000081b00000|100%| O|  |TAMS 0x0000000081a5a600, 0x0000000081a00000| Untracked 
|  27|0x0000000081b00000, 0x0000000081c00000, 0x0000000081c00000|100%| O|  |TAMS 0x0000000081b00000, 0x0000000081b00000| Untracked 
|  28|0x0000000081c00000, 0x0000000081d00000, 0x0000000081d00000|100%| O|  |TAMS 0x0000000081c00000, 0x0000000081c00000| Untracked 
|  29|0x0000000081d00000, 0x0000000081e00000, 0x0000000081e00000|100%| O|  |TAMS 0x0000000081d00000, 0x0000000081d00000| Untracked 
|  30|0x0000000081e00000, 0x0000000081f00000, 0x0000000081f00000|100%| O|  |TAMS 0x0000000081e00000, 0x0000000081e00000| Untracked 
|  31|0x0000000081f00000, 0x0000000082000000, 0x0000000082000000|100%| O|  |TAMS 0x0000000081f00000, 0x0000000081f00000| Untracked 
|  32|0x0000000082000000, 0x0000000082100000, 0x0000000082100000|100%| O|  |TAMS 0x0000000082000000, 0x0000000082000000| Untracked 
|  33|0x0000000082100000, 0x0000000082200000, 0x0000000082200000|100%| O|  |TAMS 0x0000000082100000, 0x0000000082100000| Untracked 
|  34|0x0000000082200000, 0x0000000082300000, 0x0000000082300000|100%| O|  |TAMS 0x0000000082200000, 0x0000000082200000| Untracked 
|  35|0x0000000082300000, 0x0000000082400000, 0x0000000082400000|100%| O|  |TAMS 0x0000000082300000, 0x0000000082300000| Untracked 
|  36|0x0000000082400000, 0x0000000082500000, 0x0000000082500000|100%| O|  |TAMS 0x0000000082400000, 0x0000000082400000| Untracked 
|  37|0x0000000082500000, 0x0000000082600000, 0x0000000082600000|100%| O|  |TAMS 0x0000000082500000, 0x0000000082500000| Untracked 
|  38|0x0000000082600000, 0x0000000082700000, 0x0000000082700000|100%| O|  |TAMS 0x0000000082600000, 0x0000000082600000| Untracked 
|  39|0x0000000082700000, 0x0000000082800000, 0x0000000082800000|100%| O|  |TAMS 0x0000000082700000, 0x0000000082700000| Untracked 
|  40|0x0000000082800000, 0x0000000082900000, 0x0000000082900000|100%| O|  |TAMS 0x0000000082800000, 0x0000000082800000| Untracked 
|  41|0x0000000082900000, 0x0000000082a00000, 0x0000000082a00000|100%| O|  |TAMS 0x0000000082900000, 0x0000000082900000| Untracked 
|  42|0x0000000082a00000, 0x0000000082b00000, 0x0000000082b00000|100%| O|  |TAMS 0x0000000082a00000, 0x0000000082a00000| Untracked 
|  43|0x0000000082b00000, 0x0000000082c00000, 0x0000000082c00000|100%| O|  |TAMS 0x0000000082b00000, 0x0000000082b00000| Untracked 
|  44|0x0000000082c00000, 0x0000000082d00000, 0x0000000082d00000|100%| O|  |TAMS 0x0000000082c00000, 0x0000000082c00000| Untracked 
|  45|0x0000000082d00000, 0x0000000082e00000, 0x0000000082e00000|100%| O|  |TAMS 0x0000000082d00000, 0x0000000082d00000| Untracked 
|  46|0x0000000082e00000, 0x0000000082f00000, 0x0000000082f00000|100%| O|  |TAMS 0x0000000082e00000, 0x0000000082e00000| Untracked 
|  47|0x0000000082f00000, 0x0000000083000000, 0x0000000083000000|100%| O|  |TAMS 0x0000000082f00000, 0x0000000082f00000| Untracked 
|  48|0x0000000083000000, 0x0000000083100000, 0x0000000083100000|100%| O|  |TAMS 0x0000000083000000, 0x0000000083000000| Untracked 
|  49|0x0000000083100000, 0x0000000083200000, 0x0000000083200000|100%| O|  |TAMS 0x0000000083100000, 0x0000000083100000| Untracked 
|  50|0x0000000083200000, 0x0000000083300000, 0x0000000083300000|100%| O|  |TAMS 0x0000000083200000, 0x0000000083200000| Untracked 
|  51|0x0000000083300000, 0x0000000083400000, 0x0000000083400000|100%| O|  |TAMS 0x0000000083300000, 0x0000000083300000| Untracked 
|  52|0x0000000083400000, 0x0000000083500000, 0x0000000083500000|100%| O|  |TAMS 0x0000000083400000, 0x0000000083400000| Untracked 
|  53|0x0000000083500000, 0x0000000083600000, 0x0000000083600000|100%| O|  |TAMS 0x0000000083500000, 0x0000000083500000| Untracked 
|  54|0x0000000083600000, 0x0000000083700000, 0x0000000083700000|100%| O|  |TAMS 0x0000000083600000, 0x0000000083600000| Untracked 
|  55|0x0000000083700000, 0x0000000083800000, 0x0000000083800000|100%| O|  |TAMS 0x0000000083700000, 0x0000000083700000| Untracked 
|  56|0x0000000083800000, 0x0000000083900000, 0x0000000083900000|100%| O|  |TAMS 0x0000000083800000, 0x0000000083800000| Untracked 
|  57|0x0000000083900000, 0x0000000083a00000, 0x0000000083a00000|100%| O|  |TAMS 0x0000000083900000, 0x0000000083900000| Untracked 
|  58|0x0000000083a00000, 0x0000000083b00000, 0x0000000083b00000|100%| O|  |TAMS 0x0000000083a00000, 0x0000000083a00000| Untracked 
|  59|0x0000000083b00000, 0x0000000083c00000, 0x0000000083c00000|100%| O|  |TAMS 0x0000000083b00000, 0x0000000083b00000| Untracked 
|  60|0x0000000083c00000, 0x0000000083d00000, 0x0000000083d00000|100%| O|  |TAMS 0x0000000083c00000, 0x0000000083c00000| Untracked 
|  61|0x0000000083d00000, 0x0000000083e00000, 0x0000000083e00000|100%| O|  |TAMS 0x0000000083d00000, 0x0000000083d00000| Untracked 
|  62|0x0000000083e00000, 0x0000000083f00000, 0x0000000083f00000|100%| O|  |TAMS 0x0000000083e00000, 0x0000000083e00000| Untracked 
|  63|0x0000000083f00000, 0x0000000084000000, 0x0000000084000000|100%| O|  |TAMS 0x0000000083f00000, 0x0000000083f00000| Untracked 
|  64|0x0000000084000000, 0x0000000084100000, 0x0000000084100000|100%| O|  |TAMS 0x0000000084000000, 0x0000000084000000| Untracked 
|  65|0x0000000084100000, 0x0000000084200000, 0x0000000084200000|100%| O|  |TAMS 0x0000000084100000, 0x0000000084100000| Untracked 
|  66|0x0000000084200000, 0x0000000084300000, 0x0000000084300000|100%| O|  |TAMS 0x0000000084200000, 0x0000000084200000| Untracked 
|  67|0x0000000084300000, 0x0000000084400000, 0x0000000084400000|100%| O|  |TAMS 0x0000000084300000, 0x0000000084300000| Untracked 
|  68|0x0000000084400000, 0x0000000084500000, 0x0000000084500000|100%| O|  |TAMS 0x0000000084400000, 0x0000000084400000| Untracked 
|  69|0x0000000084500000, 0x0000000084600000, 0x0000000084600000|100%| O|  |TAMS 0x0000000084500000, 0x0000000084500000| Untracked 
|  70|0x0000000084600000, 0x0000000084700000, 0x0000000084700000|100%| O|  |TAMS 0x0000000084600000, 0x0000000084600000| Untracked 
|  71|0x0000000084700000, 0x0000000084800000, 0x0000000084800000|100%| O|  |TAMS 0x0000000084700000, 0x0000000084700000| Untracked 
|  72|0x0000000084800000, 0x0000000084900000, 0x0000000084900000|100%| O|  |TAMS 0x0000000084800000, 0x0000000084800000| Untracked 
|  73|0x0000000084900000, 0x0000000084a00000, 0x0000000084a00000|100%| O|  |TAMS 0x0000000084900000, 0x0000000084900000| Untracked 
|  74|0x0000000084a00000, 0x0000000084b00000, 0x0000000084b00000|100%| O|  |TAMS 0x0000000084a00000, 0x0000000084a00000| Untracked 
|  75|0x0000000084b00000, 0x0000000084c00000, 0x0000000084c00000|100%| O|  |TAMS 0x0000000084b00000, 0x0000000084b00000| Untracked 
|  76|0x0000000084c00000, 0x0000000084d00000, 0x0000000084d00000|100%| O|  |TAMS 0x0000000084c00000, 0x0000000084c00000| Untracked 
|  77|0x0000000084d00000, 0x0000000084e00000, 0x0000000084e00000|100%| O|  |TAMS 0x0000000084d00000, 0x0000000084d00000| Untracked 
|  78|0x0000000084e00000, 0x0000000084f00000, 0x0000000084f00000|100%| O|  |TAMS 0x0000000084e00000, 0x0000000084e00000| Untracked 
|  79|0x0000000084f00000, 0x0000000085000000, 0x0000000085000000|100%| O|  |TAMS 0x0000000084f00000, 0x0000000084f00000| Untracked 
|  80|0x0000000085000000, 0x0000000085100000, 0x0000000085100000|100%| O|  |TAMS 0x0000000085000000, 0x0000000085000000| Untracked 
|  81|0x0000000085100000, 0x0000000085200000, 0x0000000085200000|100%| O|  |TAMS 0x0000000085100000, 0x0000000085100000| Untracked 
|  82|0x0000000085200000, 0x0000000085200000, 0x0000000085300000|  0%| F|  |TAMS 0x0000000085200000, 0x0000000085200000| Untracked 
|  83|0x0000000085300000, 0x0000000085300000, 0x0000000085400000|  0%| F|  |TAMS 0x0000000085300000, 0x0000000085300000| Untracked 
|  84|0x0000000085400000, 0x0000000085400000, 0x0000000085500000|  0%| F|  |TAMS 0x0000000085400000, 0x0000000085400000| Untracked 
|  85|0x0000000085500000, 0x0000000085500000, 0x0000000085600000|  0%| F|  |TAMS 0x0000000085500000, 0x0000000085500000| Untracked 
|  86|0x0000000085600000, 0x0000000085600000, 0x0000000085700000|  0%| F|  |TAMS 0x0000000085600000, 0x0000000085600000| Untracked 
|  87|0x0000000085700000, 0x0000000085700000, 0x0000000085800000|  0%| F|  |TAMS 0x0000000085700000, 0x0000000085700000| Untracked 
|  88|0x0000000085800000, 0x0000000085800000, 0x0000000085900000|  0%| F|  |TAMS 0x0000000085800000, 0x0000000085800000| Untracked 
|  89|0x0000000085900000, 0x0000000085900000, 0x0000000085a00000|  0%| F|  |TAMS 0x0000000085900000, 0x0000000085900000| Untracked 
|  90|0x0000000085a00000, 0x0000000085a00000, 0x0000000085b00000|  0%| F|  |TAMS 0x0000000085a00000, 0x0000000085a00000| Untracked 
|  91|0x0000000085b00000, 0x0000000085b00000, 0x0000000085c00000|  0%| F|  |TAMS 0x0000000085b00000, 0x0000000085b00000| Untracked 
|  92|0x0000000085c00000, 0x0000000085c00000, 0x0000000085d00000|  0%| F|  |TAMS 0x0000000085c00000, 0x0000000085c00000| Untracked 
|  93|0x0000000085d00000, 0x0000000085d00000, 0x0000000085e00000|  0%| F|  |TAMS 0x0000000085d00000, 0x0000000085d00000| Untracked 
|  94|0x0000000085e00000, 0x0000000085e00000, 0x0000000085f00000|  0%| F|  |TAMS 0x0000000085e00000, 0x0000000085e00000| Untracked 
|  95|0x0000000085f00000, 0x0000000085f00000, 0x0000000086000000|  0%| F|  |TAMS 0x0000000085f00000, 0x0000000085f00000| Untracked 
|  96|0x0000000086000000, 0x0000000086000000, 0x0000000086100000|  0%| F|  |TAMS 0x0000000086000000, 0x0000000086000000| Untracked 
|  97|0x0000000086100000, 0x0000000086100000, 0x0000000086200000|  0%| F|  |TAMS 0x0000000086100000, 0x0000000086100000| Untracked 
|  98|0x0000000086200000, 0x0000000086200000, 0x0000000086300000|  0%| F|  |TAMS 0x0000000086200000, 0x0000000086200000| Untracked 
|  99|0x0000000086300000, 0x0000000086300000, 0x0000000086400000|  0%| F|  |TAMS 0x0000000086300000, 0x0000000086300000| Untracked 
| 100|0x0000000086400000, 0x0000000086400000, 0x0000000086500000|  0%| F|  |TAMS 0x0000000086400000, 0x0000000086400000| Untracked 
| 101|0x0000000086500000, 0x0000000086500000, 0x0000000086600000|  0%| F|  |TAMS 0x0000000086500000, 0x0000000086500000| Untracked 
| 102|0x0000000086600000, 0x0000000086600000, 0x0000000086700000|  0%| F|  |TAMS 0x0000000086600000, 0x0000000086600000| Untracked 
| 103|0x0000000086700000, 0x0000000086700000, 0x0000000086800000|  0%| F|  |TAMS 0x0000000086700000, 0x0000000086700000| Untracked 
| 104|0x0000000086800000, 0x0000000086800000, 0x0000000086900000|  0%| F|  |TAMS 0x0000000086800000, 0x0000000086800000| Untracked 
| 105|0x0000000086900000, 0x0000000086900000, 0x0000000086a00000|  0%| F|  |TAMS 0x0000000086900000, 0x0000000086900000| Untracked 
| 106|0x0000000086a00000, 0x0000000086a00000, 0x0000000086b00000|  0%| F|  |TAMS 0x0000000086a00000, 0x0000000086a00000| Untracked 
| 107|0x0000000086b00000, 0x0000000086b00000, 0x0000000086c00000|  0%| F|  |TAMS 0x0000000086b00000, 0x0000000086b00000| Untracked 
| 108|0x0000000086c00000, 0x0000000086c00000, 0x0000000086d00000|  0%| F|  |TAMS 0x0000000086c00000, 0x0000000086c00000| Untracked 
| 109|0x0000000086d00000, 0x0000000086d00000, 0x0000000086e00000|  0%| F|  |TAMS 0x0000000086d00000, 0x0000000086d00000| Untracked 
| 110|0x0000000086e00000, 0x0000000086e00000, 0x0000000086f00000|  0%| F|  |TAMS 0x0000000086e00000, 0x0000000086e00000| Untracked 
| 111|0x0000000086f00000, 0x0000000086f00000, 0x0000000087000000|  0%| F|  |TAMS 0x0000000086f00000, 0x0000000086f00000| Untracked 
| 112|0x0000000087000000, 0x0000000087000000, 0x0000000087100000|  0%| F|  |TAMS 0x0000000087000000, 0x0000000087000000| Untracked 
| 113|0x0000000087100000, 0x0000000087100000, 0x0000000087200000|  0%| F|  |TAMS 0x0000000087100000, 0x0000000087100000| Untracked 
| 114|0x0000000087200000, 0x0000000087200000, 0x0000000087300000|  0%| F|  |TAMS 0x0000000087200000, 0x0000000087200000| Untracked 
| 115|0x0000000087300000, 0x0000000087300000, 0x0000000087400000|  0%| F|  |TAMS 0x0000000087300000, 0x0000000087300000| Untracked 
| 116|0x0000000087400000, 0x0000000087400000, 0x0000000087500000|  0%| F|  |TAMS 0x0000000087400000, 0x0000000087400000| Untracked 
| 117|0x0000000087500000, 0x0000000087500000, 0x0000000087600000|  0%| F|  |TAMS 0x0000000087500000, 0x0000000087500000| Untracked 
| 118|0x0000000087600000, 0x0000000087600000, 0x0000000087700000|  0%| F|  |TAMS 0x0000000087600000, 0x0000000087600000| Untracked 
| 119|0x0000000087700000, 0x0000000087700000, 0x0000000087800000|  0%| F|  |TAMS 0x0000000087700000, 0x0000000087700000| Untracked 
| 120|0x0000000087800000, 0x0000000087800000, 0x0000000087900000|  0%| F|  |TAMS 0x0000000087800000, 0x0000000087800000| Untracked 
| 121|0x0000000087900000, 0x0000000087900000, 0x0000000087a00000|  0%| F|  |TAMS 0x0000000087900000, 0x0000000087900000| Untracked 
| 122|0x0000000087a00000, 0x0000000087a00000, 0x0000000087b00000|  0%| F|  |TAMS 0x0000000087a00000, 0x0000000087a00000| Untracked 
| 123|0x0000000087b00000, 0x0000000087b00000, 0x0000000087c00000|  0%| F|  |TAMS 0x0000000087b00000, 0x0000000087b00000| Untracked 
| 124|0x0000000087c00000, 0x0000000087c00000, 0x0000000087d00000|  0%| F|  |TAMS 0x0000000087c00000, 0x0000000087c00000| Untracked 
| 125|0x0000000087d00000, 0x0000000087d00000, 0x0000000087e00000|  0%| F|  |TAMS 0x0000000087d00000, 0x0000000087d00000| Untracked 
| 126|0x0000000087e00000, 0x0000000087e00000, 0x0000000087f00000|  0%| F|  |TAMS 0x0000000087e00000, 0x0000000087e00000| Untracked 
| 127|0x0000000087f00000, 0x0000000087f00000, 0x0000000088000000|  0%| F|  |TAMS 0x0000000087f00000, 0x0000000087f00000| Untracked 
| 128|0x0000000088000000, 0x0000000088000000, 0x0000000088100000|  0%| F|  |TAMS 0x0000000088000000, 0x0000000088000000| Untracked 
| 129|0x0000000088100000, 0x0000000088100000, 0x0000000088200000|  0%| F|  |TAMS 0x0000000088100000, 0x0000000088100000| Untracked 
| 130|0x0000000088200000, 0x0000000088200000, 0x0000000088300000|  0%| F|  |TAMS 0x0000000088200000, 0x0000000088200000| Untracked 
| 131|0x0000000088300000, 0x0000000088300000, 0x0000000088400000|  0%| F|  |TAMS 0x0000000088300000, 0x0000000088300000| Untracked 
| 132|0x0000000088400000, 0x0000000088400000, 0x0000000088500000|  0%| F|  |TAMS 0x0000000088400000, 0x0000000088400000| Untracked 
| 133|0x0000000088500000, 0x0000000088500000, 0x0000000088600000|  0%| F|  |TAMS 0x0000000088500000, 0x0000000088500000| Untracked 
| 134|0x0000000088600000, 0x0000000088600000, 0x0000000088700000|  0%| F|  |TAMS 0x0000000088600000, 0x0000000088600000| Untracked 
| 135|0x0000000088700000, 0x0000000088700000, 0x0000000088800000|  0%| F|  |TAMS 0x0000000088700000, 0x0000000088700000| Untracked 
| 136|0x0000000088800000, 0x0000000088800000, 0x0000000088900000|  0%| F|  |TAMS 0x0000000088800000, 0x0000000088800000| Untracked 
| 137|0x0000000088900000, 0x0000000088900000, 0x0000000088a00000|  0%| F|  |TAMS 0x0000000088900000, 0x0000000088900000| Untracked 
| 138|0x0000000088a00000, 0x0000000088a00000, 0x0000000088b00000|  0%| F|  |TAMS 0x0000000088a00000, 0x0000000088a00000| Untracked 
| 139|0x0000000088b00000, 0x0000000088b00000, 0x0000000088c00000|  0%| F|  |TAMS 0x0000000088b00000, 0x0000000088b00000| Untracked 
| 140|0x0000000088c00000, 0x0000000088c00000, 0x0000000088d00000|  0%| F|  |TAMS 0x0000000088c00000, 0x0000000088c00000| Untracked 
| 141|0x0000000088d00000, 0x0000000088d00000, 0x0000000088e00000|  0%| F|  |TAMS 0x0000000088d00000, 0x0000000088d00000| Untracked 
| 142|0x0000000088e00000, 0x0000000088e00000, 0x0000000088f00000|  0%| F|  |TAMS 0x0000000088e00000, 0x0000000088e00000| Untracked 
| 143|0x0000000088f00000, 0x0000000088f00000, 0x0000000089000000|  0%| F|  |TAMS 0x0000000088f00000, 0x0000000088f00000| Untracked 
| 144|0x0000000089000000, 0x0000000089000000, 0x0000000089100000|  0%| F|  |TAMS 0x0000000089000000, 0x0000000089000000| Untracked 
| 145|0x0000000089100000, 0x0000000089100000, 0x0000000089200000|  0%| F|  |TAMS 0x0000000089100000, 0x0000000089100000| Untracked 
| 146|0x0000000089200000, 0x0000000089200000, 0x0000000089300000|  0%| F|  |TAMS 0x0000000089200000, 0x0000000089200000| Untracked 
| 147|0x0000000089300000, 0x0000000089300000, 0x0000000089400000|  0%| F|  |TAMS 0x0000000089300000, 0x0000000089300000| Untracked 
| 148|0x0000000089400000, 0x0000000089400000, 0x0000000089500000|  0%| F|  |TAMS 0x0000000089400000, 0x0000000089400000| Untracked 
| 149|0x0000000089500000, 0x0000000089500000, 0x0000000089600000|  0%| F|  |TAMS 0x0000000089500000, 0x0000000089500000| Untracked 
| 150|0x0000000089600000, 0x0000000089600000, 0x0000000089700000|  0%| F|  |TAMS 0x0000000089600000, 0x0000000089600000| Untracked 
| 151|0x0000000089700000, 0x0000000089700000, 0x0000000089800000|  0%| F|  |TAMS 0x0000000089700000, 0x0000000089700000| Untracked 
| 152|0x0000000089800000, 0x0000000089800000, 0x0000000089900000|  0%| F|  |TAMS 0x0000000089800000, 0x0000000089800000| Untracked 
| 153|0x0000000089900000, 0x0000000089900000, 0x0000000089a00000|  0%| F|  |TAMS 0x0000000089900000, 0x0000000089900000| Untracked 
| 154|0x0000000089a00000, 0x0000000089a00000, 0x0000000089b00000|  0%| F|  |TAMS 0x0000000089a00000, 0x0000000089a00000| Untracked 
| 155|0x0000000089b00000, 0x0000000089b00000, 0x0000000089c00000|  0%| F|  |TAMS 0x0000000089b00000, 0x0000000089b00000| Untracked 
| 156|0x0000000089c00000, 0x0000000089c00000, 0x0000000089d00000|  0%| F|  |TAMS 0x0000000089c00000, 0x0000000089c00000| Untracked 
| 157|0x0000000089d00000, 0x0000000089d00000, 0x0000000089e00000|  0%| F|  |TAMS 0x0000000089d00000, 0x0000000089d00000| Untracked 
| 158|0x0000000089e00000, 0x0000000089e00000, 0x0000000089f00000|  0%| F|  |TAMS 0x0000000089e00000, 0x0000000089e00000| Untracked 
| 159|0x0000000089f00000, 0x0000000089f00000, 0x000000008a000000|  0%| F|  |TAMS 0x0000000089f00000, 0x0000000089f00000| Untracked 
| 160|0x000000008a000000, 0x000000008a000000, 0x000000008a100000|  0%| F|  |TAMS 0x000000008a000000, 0x000000008a000000| Untracked 
| 161|0x000000008a100000, 0x000000008a100000, 0x000000008a200000|  0%| F|  |TAMS 0x000000008a100000, 0x000000008a100000| Untracked 
| 162|0x000000008a200000, 0x000000008a200000, 0x000000008a300000|  0%| F|  |TAMS 0x000000008a200000, 0x000000008a200000| Untracked 
| 163|0x000000008a300000, 0x000000008a300000, 0x000000008a400000|  0%| F|  |TAMS 0x000000008a300000, 0x000000008a300000| Untracked 
| 164|0x000000008a400000, 0x000000008a400000, 0x000000008a500000|  0%| F|  |TAMS 0x000000008a400000, 0x000000008a400000| Untracked 
| 165|0x000000008a500000, 0x000000008a500000, 0x000000008a600000|  0%| F|  |TAMS 0x000000008a500000, 0x000000008a500000| Untracked 
| 166|0x000000008a600000, 0x000000008a600000, 0x000000008a700000|  0%| F|  |TAMS 0x000000008a600000, 0x000000008a600000| Untracked 
| 167|0x000000008a700000, 0x000000008a700000, 0x000000008a800000|  0%| F|  |TAMS 0x000000008a700000, 0x000000008a700000| Untracked 
| 168|0x000000008a800000, 0x000000008a900000, 0x000000008a900000|100%| S|CS|TAMS 0x000000008a800000, 0x000000008a800000| Complete 
| 169|0x000000008a900000, 0x000000008aa00000, 0x000000008aa00000|100%| S|CS|TAMS 0x000000008a900000, 0x000000008a900000| Complete 
| 170|0x000000008aa00000, 0x000000008ab00000, 0x000000008ab00000|100%| S|CS|TAMS 0x000000008aa00000, 0x000000008aa00000| Complete 
| 171|0x000000008ab00000, 0x000000008ab00000, 0x000000008ac00000|  0%| F|  |TAMS 0x000000008ab00000, 0x000000008ab00000| Untracked 
| 172|0x000000008ac00000, 0x000000008ac00000, 0x000000008ad00000|  0%| F|  |TAMS 0x000000008ac00000, 0x000000008ac00000| Untracked 
| 173|0x000000008ad00000, 0x000000008ad00000, 0x000000008ae00000|  0%| F|  |TAMS 0x000000008ad00000, 0x000000008ad00000| Untracked 
| 174|0x000000008ae00000, 0x000000008ae00000, 0x000000008af00000|  0%| F|  |TAMS 0x000000008ae00000, 0x000000008ae00000| Untracked 
| 175|0x000000008af00000, 0x000000008af00000, 0x000000008b000000|  0%| F|  |TAMS 0x000000008af00000, 0x000000008af00000| Untracked 
| 176|0x000000008b000000, 0x000000008b000000, 0x000000008b100000|  0%| F|  |TAMS 0x000000008b000000, 0x000000008b000000| Untracked 
| 177|0x000000008b100000, 0x000000008b100000, 0x000000008b200000|  0%| F|  |TAMS 0x000000008b100000, 0x000000008b100000| Untracked 
| 178|0x000000008b200000, 0x000000008b200000, 0x000000008b300000|  0%| F|  |TAMS 0x000000008b200000, 0x000000008b200000| Untracked 
| 179|0x000000008b300000, 0x000000008b300000, 0x000000008b400000|  0%| F|  |TAMS 0x000000008b300000, 0x000000008b300000| Untracked 
| 180|0x000000008b400000, 0x000000008b400000, 0x000000008b500000|  0%| F|  |TAMS 0x000000008b400000, 0x000000008b400000| Untracked 
| 181|0x000000008b500000, 0x000000008b500000, 0x000000008b600000|  0%| F|  |TAMS 0x000000008b500000, 0x000000008b500000| Untracked 
| 182|0x000000008b600000, 0x000000008b600000, 0x000000008b700000|  0%| F|  |TAMS 0x000000008b600000, 0x000000008b600000| Untracked 
| 183|0x000000008b700000, 0x000000008b700000, 0x000000008b800000|  0%| F|  |TAMS 0x000000008b700000, 0x000000008b700000| Untracked 
| 184|0x000000008b800000, 0x000000008b800000, 0x000000008b900000|  0%| F|  |TAMS 0x000000008b800000, 0x000000008b800000| Untracked 
| 185|0x000000008b900000, 0x000000008b900000, 0x000000008ba00000|  0%| F|  |TAMS 0x000000008b900000, 0x000000008b900000| Untracked 
| 186|0x000000008ba00000, 0x000000008ba00000, 0x000000008bb00000|  0%| F|  |TAMS 0x000000008ba00000, 0x000000008ba00000| Untracked 
| 187|0x000000008bb00000, 0x000000008bb00000, 0x000000008bc00000|  0%| F|  |TAMS 0x000000008bb00000, 0x000000008bb00000| Untracked 
| 188|0x000000008bc00000, 0x000000008bc00000, 0x000000008bd00000|  0%| F|  |TAMS 0x000000008bc00000, 0x000000008bc00000| Untracked 
| 189|0x000000008bd00000, 0x000000008bd00000, 0x000000008be00000|  0%| F|  |TAMS 0x000000008bd00000, 0x000000008bd00000| Untracked 
| 190|0x000000008be00000, 0x000000008be00000, 0x000000008bf00000|  0%| F|  |TAMS 0x000000008be00000, 0x000000008be00000| Untracked 
| 191|0x000000008bf00000, 0x000000008bf00000, 0x000000008c000000|  0%| F|  |TAMS 0x000000008bf00000, 0x000000008bf00000| Untracked 
| 192|0x000000008c000000, 0x000000008c000000, 0x000000008c100000|  0%| F|  |TAMS 0x000000008c000000, 0x000000008c000000| Untracked 
| 193|0x000000008c100000, 0x000000008c100000, 0x000000008c200000|  0%| F|  |TAMS 0x000000008c100000, 0x000000008c100000| Untracked 
| 194|0x000000008c200000, 0x000000008c200000, 0x000000008c300000|  0%| F|  |TAMS 0x000000008c200000, 0x000000008c200000| Untracked 
| 195|0x000000008c300000, 0x000000008c300000, 0x000000008c400000|  0%| F|  |TAMS 0x000000008c300000, 0x000000008c300000| Untracked 
| 196|0x000000008c400000, 0x000000008c400000, 0x000000008c500000|  0%| F|  |TAMS 0x000000008c400000, 0x000000008c400000| Untracked 
| 197|0x000000008c500000, 0x000000008c500000, 0x000000008c600000|  0%| F|  |TAMS 0x000000008c500000, 0x000000008c500000| Untracked 
| 198|0x000000008c600000, 0x000000008c600000, 0x000000008c700000|  0%| F|  |TAMS 0x000000008c600000, 0x000000008c600000| Untracked 
| 199|0x000000008c700000, 0x000000008c700000, 0x000000008c800000|  0%| F|  |TAMS 0x000000008c700000, 0x000000008c700000| Untracked 
| 200|0x000000008c800000, 0x000000008c800000, 0x000000008c900000|  0%| F|  |TAMS 0x000000008c800000, 0x000000008c800000| Untracked 
| 201|0x000000008c900000, 0x000000008c900000, 0x000000008ca00000|  0%| F|  |TAMS 0x000000008c900000, 0x000000008c900000| Untracked 
| 202|0x000000008ca00000, 0x000000008ca00000, 0x000000008cb00000|  0%| F|  |TAMS 0x000000008ca00000, 0x000000008ca00000| Untracked 
| 203|0x000000008cb00000, 0x000000008cb00000, 0x000000008cc00000|  0%| F|  |TAMS 0x000000008cb00000, 0x000000008cb00000| Untracked 
| 204|0x000000008cc00000, 0x000000008cc00000, 0x000000008cd00000|  0%| F|  |TAMS 0x000000008cc00000, 0x000000008cc00000| Untracked 
| 205|0x000000008cd00000, 0x000000008cd00000, 0x000000008ce00000|  0%| F|  |TAMS 0x000000008cd00000, 0x000000008cd00000| Untracked 
| 206|0x000000008ce00000, 0x000000008ce00000, 0x000000008cf00000|  0%| F|  |TAMS 0x000000008ce00000, 0x000000008ce00000| Untracked 
| 207|0x000000008cf00000, 0x000000008cf00000, 0x000000008d000000|  0%| F|  |TAMS 0x000000008cf00000, 0x000000008cf00000| Untracked 
| 208|0x000000008d000000, 0x000000008d000000, 0x000000008d100000|  0%| F|  |TAMS 0x000000008d000000, 0x000000008d000000| Untracked 
| 209|0x000000008d100000, 0x000000008d100000, 0x000000008d200000|  0%| F|  |TAMS 0x000000008d100000, 0x000000008d100000| Untracked 
| 210|0x000000008d200000, 0x000000008d200000, 0x000000008d300000|  0%| F|  |TAMS 0x000000008d200000, 0x000000008d200000| Untracked 
| 211|0x000000008d300000, 0x000000008d300000, 0x000000008d400000|  0%| F|  |TAMS 0x000000008d300000, 0x000000008d300000| Untracked 
| 212|0x000000008d400000, 0x000000008d400000, 0x000000008d500000|  0%| F|  |TAMS 0x000000008d400000, 0x000000008d400000| Untracked 
| 213|0x000000008d500000, 0x000000008d500000, 0x000000008d600000|  0%| F|  |TAMS 0x000000008d500000, 0x000000008d500000| Untracked 
| 214|0x000000008d600000, 0x000000008d600000, 0x000000008d700000|  0%| F|  |TAMS 0x000000008d600000, 0x000000008d600000| Untracked 
| 215|0x000000008d700000, 0x000000008d700000, 0x000000008d800000|  0%| F|  |TAMS 0x000000008d700000, 0x000000008d700000| Untracked 
| 216|0x000000008d800000, 0x000000008d800000, 0x000000008d900000|  0%| F|  |TAMS 0x000000008d800000, 0x000000008d800000| Untracked 
| 217|0x000000008d900000, 0x000000008d900000, 0x000000008da00000|  0%| F|  |TAMS 0x000000008d900000, 0x000000008d900000| Untracked 
| 218|0x000000008da00000, 0x000000008da00000, 0x000000008db00000|  0%| F|  |TAMS 0x000000008da00000, 0x000000008da00000| Untracked 
| 219|0x000000008db00000, 0x000000008db00000, 0x000000008dc00000|  0%| F|  |TAMS 0x000000008db00000, 0x000000008db00000| Untracked 
| 220|0x000000008dc00000, 0x000000008dc00000, 0x000000008dd00000|  0%| F|  |TAMS 0x000000008dc00000, 0x000000008dc00000| Untracked 
| 221|0x000000008dd00000, 0x000000008dd00000, 0x000000008de00000|  0%| F|  |TAMS 0x000000008dd00000, 0x000000008dd00000| Untracked 
| 222|0x000000008de00000, 0x000000008de00000, 0x000000008df00000|  0%| F|  |TAMS 0x000000008de00000, 0x000000008de00000| Untracked 
| 223|0x000000008df00000, 0x000000008df00000, 0x000000008e000000|  0%| F|  |TAMS 0x000000008df00000, 0x000000008df00000| Untracked 
| 224|0x000000008e000000, 0x000000008e000000, 0x000000008e100000|  0%| F|  |TAMS 0x000000008e000000, 0x000000008e000000| Untracked 
| 225|0x000000008e100000, 0x000000008e100000, 0x000000008e200000|  0%| F|  |TAMS 0x000000008e100000, 0x000000008e100000| Untracked 
| 226|0x000000008e200000, 0x000000008e200000, 0x000000008e300000|  0%| F|  |TAMS 0x000000008e200000, 0x000000008e200000| Untracked 
| 227|0x000000008e300000, 0x000000008e300000, 0x000000008e400000|  0%| F|  |TAMS 0x000000008e300000, 0x000000008e300000| Untracked 
| 228|0x000000008e400000, 0x000000008e400000, 0x000000008e500000|  0%| F|  |TAMS 0x000000008e400000, 0x000000008e400000| Untracked 
| 229|0x000000008e500000, 0x000000008e500000, 0x000000008e600000|  0%| F|  |TAMS 0x000000008e500000, 0x000000008e500000| Untracked 
| 230|0x000000008e600000, 0x000000008e600000, 0x000000008e700000|  0%| F|  |TAMS 0x000000008e600000, 0x000000008e600000| Untracked 
| 231|0x000000008e700000, 0x000000008e700000, 0x000000008e800000|  0%| F|  |TAMS 0x000000008e700000, 0x000000008e700000| Untracked 
| 232|0x000000008e800000, 0x000000008e800000, 0x000000008e900000|  0%| F|  |TAMS 0x000000008e800000, 0x000000008e800000| Untracked 
| 233|0x000000008e900000, 0x000000008e900000, 0x000000008ea00000|  0%| F|  |TAMS 0x000000008e900000, 0x000000008e900000| Untracked 
| 234|0x000000008ea00000, 0x000000008ea00000, 0x000000008eb00000|  0%| F|  |TAMS 0x000000008ea00000, 0x000000008ea00000| Untracked 
| 235|0x000000008eb00000, 0x000000008eb00000, 0x000000008ec00000|  0%| F|  |TAMS 0x000000008eb00000, 0x000000008eb00000| Untracked 
| 236|0x000000008ec00000, 0x000000008ec00000, 0x000000008ed00000|  0%| F|  |TAMS 0x000000008ec00000, 0x000000008ec00000| Untracked 
| 237|0x000000008ed00000, 0x000000008ed00000, 0x000000008ee00000|  0%| F|  |TAMS 0x000000008ed00000, 0x000000008ed00000| Untracked 
| 238|0x000000008ee00000, 0x000000008ee00000, 0x000000008ef00000|  0%| F|  |TAMS 0x000000008ee00000, 0x000000008ee00000| Untracked 
| 239|0x000000008ef00000, 0x000000008ef00000, 0x000000008f000000|  0%| F|  |TAMS 0x000000008ef00000, 0x000000008ef00000| Untracked 
| 240|0x000000008f000000, 0x000000008f000000, 0x000000008f100000|  0%| F|  |TAMS 0x000000008f000000, 0x000000008f000000| Untracked 
| 241|0x000000008f100000, 0x000000008f100000, 0x000000008f200000|  0%| F|  |TAMS 0x000000008f100000, 0x000000008f100000| Untracked 
| 242|0x000000008f200000, 0x000000008f200000, 0x000000008f300000|  0%| F|  |TAMS 0x000000008f200000, 0x000000008f200000| Untracked 
| 243|0x000000008f300000, 0x000000008f300000, 0x000000008f400000|  0%| F|  |TAMS 0x000000008f300000, 0x000000008f300000| Untracked 
| 244|0x000000008f400000, 0x000000008f400000, 0x000000008f500000|  0%| F|  |TAMS 0x000000008f400000, 0x000000008f400000| Untracked 
| 245|0x000000008f500000, 0x000000008f500000, 0x000000008f600000|  0%| F|  |TAMS 0x000000008f500000, 0x000000008f500000| Untracked 
| 246|0x000000008f600000, 0x000000008f600000, 0x000000008f700000|  0%| F|  |TAMS 0x000000008f600000, 0x000000008f600000| Untracked 
| 247|0x000000008f700000, 0x000000008f700000, 0x000000008f800000|  0%| F|  |TAMS 0x000000008f700000, 0x000000008f700000| Untracked 
| 248|0x000000008f800000, 0x000000008f800000, 0x000000008f900000|  0%| F|  |TAMS 0x000000008f800000, 0x000000008f800000| Untracked 
| 249|0x000000008f900000, 0x000000008f900000, 0x000000008fa00000|  0%| F|  |TAMS 0x000000008f900000, 0x000000008f900000| Untracked 
| 250|0x000000008fa00000, 0x000000008fa00000, 0x000000008fb00000|  0%| F|  |TAMS 0x000000008fa00000, 0x000000008fa00000| Untracked 
| 251|0x000000008fb00000, 0x000000008fb00000, 0x000000008fc00000|  0%| F|  |TAMS 0x000000008fb00000, 0x000000008fb00000| Untracked 
| 252|0x000000008fc00000, 0x000000008fc00000, 0x000000008fd00000|  0%| F|  |TAMS 0x000000008fc00000, 0x000000008fc00000| Untracked 
| 253|0x000000008fd00000, 0x000000008fd00000, 0x000000008fe00000|  0%| F|  |TAMS 0x000000008fd00000, 0x000000008fd00000| Untracked 
| 254|0x000000008fe00000, 0x000000008fe00000, 0x000000008ff00000|  0%| F|  |TAMS 0x000000008fe00000, 0x000000008fe00000| Untracked 
| 255|0x000000008ff00000, 0x000000008ffb8c48, 0x0000000090000000| 72%| E|  |TAMS 0x000000008ff00000, 0x000000008ff00000| Complete 

Card table byte_map: [0x000001641f180000,0x000001641f580000] _byte_map_base: 0x000001641ed80000

Marking Bits (Prev, Next): (CMBitMap*) 0x000001640b63aee8, (CMBitMap*) 0x000001640b63af20
 Prev Bits: [0x000001641f980000, 0x0000016421980000)
 Next Bits: [0x0000016421980000, 0x0000016423980000)

Polling page: 0x0000016409d60000

Metaspace:

Usage:
  Non-class:     34.56 MB capacity,    33.97 MB ( 98%) used,   519.38 KB (  1%) free+waste,    82.69 KB ( <1%) overhead. 
      Class:      5.24 MB capacity,     4.92 MB ( 94%) used,   285.05 KB (  5%) free+waste,    40.06 KB ( <1%) overhead. 
       Both:     39.79 MB capacity,    38.89 MB ( 98%) used,   804.42 KB (  2%) free+waste,   122.75 KB ( <1%) overhead. 

Virtual space:
  Non-class space:       36.00 MB reserved,      34.58 MB ( 96%) committed 
      Class space:        1.00 GB reserved,       5.25 MB ( <1%) committed 
             Both:        1.04 GB reserved,      39.83 MB (  4%) committed 

Chunk freelists:
   Non-Class:  23.00 KB
       Class:  0 bytes
        Both:  23.00 KB

MaxMetaspaceSize: 17179869184.00 GB
CompressedClassSpaceSize: 1.00 GB

CodeHeap 'non-profiled nmethods': size=120000Kb used=1939Kb max_used=1939Kb free=118061Kb
 bounds [0x0000016416bc0000, 0x0000016416e30000, 0x000001641e0f0000]
CodeHeap 'profiled nmethods': size=120000Kb used=6868Kb max_used=6868Kb free=113132Kb
 bounds [0x000001640f690000, 0x000001640fd50000, 0x0000016416bc0000]
CodeHeap 'non-nmethods': size=5760Kb used=2192Kb max_used=2222Kb free=3567Kb
 bounds [0x000001640f0f0000, 0x000001640f360000, 0x000001640f690000]
 total_blobs=4133 nmethods=3383 adapters=660
 compilation: enabled
              stopped_count=0, restarted_count=0
 full_count=0

Compilation events (20 events):
Event: 5.797 Thread 0x0000016426ee7800 nmethod 3382 0x000001640fd35d90 code [0x000001640fd35f40, 0x000001640fd36188]
Event: 5.797 Thread 0x0000016426ee7800 3374       3       org.gradle.internal.io.StreamByteBuffer$StreamByteBufferChunk::spaceLeft (10 bytes)
Event: 5.797 Thread 0x0000016426ee7800 nmethod 3374 0x000001640fd36290 code [0x000001640fd36440, 0x000001640fd36538]
Event: 5.797 Thread 0x0000016426ee7800 3380       3       org.gradle.internal.io.StreamByteBuffer::allocateSpace (73 bytes)
Event: 5.798 Thread 0x0000016426ee7800 nmethod 3380 0x000001640fd36610 code [0x000001640fd36820, 0x000001640fd36f68]
Event: 5.798 Thread 0x0000016426ee7800 3376       3       org.gradle.internal.io.StreamByteBuffer$StreamByteBufferChunk::write (25 bytes)
Event: 5.798 Thread 0x0000016426ee7800 nmethod 3376 0x000001640fd37210 code [0x000001640fd373c0, 0x000001640fd375a8]
Event: 5.798 Thread 0x0000016426ee7800 3363       1       org.gradle.internal.io.StreamByteBuffer::access$000 (5 bytes)
Event: 5.798 Thread 0x0000016426ee7800 nmethod 3363 0x0000016416da4610 code [0x0000016416da47c0, 0x0000016416da4858]
Event: 5.798 Thread 0x0000016426ee7800 3377       3       java.io.ObjectStreamClass$WeakClassKey::equals (42 bytes)
Event: 5.798 Thread 0x0000016426ee7800 nmethod 3377 0x000001640fd37690 code [0x000001640fd37860, 0x000001640fd37dd8]
Event: 5.798 Thread 0x0000016426ee7800 3375       3       java.io.ObjectOutputStream$HandleTable::assign (52 bytes)
Event: 5.799 Thread 0x0000016426ee7800 nmethod 3375 0x000001640fd37e90 code [0x000001640fd38060, 0x000001640fd382a8]
Event: 5.799 Thread 0x0000016426ee7800 3385       3       jdk.internal.org.objectweb.asm.ClassWriter::toByteArray (1423 bytes)
Event: 5.802 Thread 0x0000016426ee7800 nmethod 3385 0x000001640fd38390 code [0x000001640fd38c80, 0x000001640fd3c908]
Event: 5.802 Thread 0x0000016426ee7800 3381       3       java.io.ObjectStreamClass::hasWriteReplaceMethod (17 bytes)
Event: 5.803 Thread 0x0000016426ee7800 nmethod 3381 0x000001640fd3e190 code [0x000001640fd3e360, 0x000001640fd3e628]
Event: 5.803 Thread 0x0000016426ee7800 3388       3       java.util.concurrent.ConcurrentLinkedQueue::updateHead (26 bytes)
Event: 5.804 Thread 0x0000016426ee7800 nmethod 3388 0x000001640fd3e790 code [0x000001640fd3eb00, 0x000001640fd3fea8]
Event: 5.804 Thread 0x0000016426ee7800 3389  s!   3       org.gradle.internal.service.DefaultServiceRegistry$ManagedObjectServiceProvider::stop (59 bytes)

GC Heap History (17 events):
Event: 0.641 GC heap before
{Heap before GC invocations=0 (full 0):
 garbage-first heap   total 262144K, used 29696K [0x0000000080000000, 0x0000000100000000)
  region size 1024K, 24 young (24576K), 0 survivors (0K)
 Metaspace       used 10761K, capacity 10992K, committed 11264K, reserved 1058816K
  class space    used 1139K, capacity 1200K, committed 1280K, reserved 1048576K
}
Event: 0.646 GC heap after
{Heap after GC invocations=1 (full 0):
 garbage-first heap   total 262144K, used 8559K [0x0000000080000000, 0x0000000100000000)
  region size 1024K, 3 young (3072K), 3 survivors (3072K)
 Metaspace       used 10761K, capacity 10992K, committed 11264K, reserved 1058816K
  class space    used 1139K, capacity 1200K, committed 1280K, reserved 1048576K
}
Event: 2.398 GC heap before
{Heap before GC invocations=1 (full 0):
 garbage-first heap   total 262144K, used 87407K [0x0000000080000000, 0x0000000100000000)
  region size 1024K, 81 young (82944K), 3 survivors (3072K)
 Metaspace       used 20715K, capacity 21203K, committed 21296K, reserved 1069056K
  class space    used 2438K, capacity 2649K, committed 2688K, reserved 1048576K
}
Event: 2.407 GC heap after
{Heap after GC invocations=2 (full 0):
 garbage-first heap   total 262144K, used 15618K [0x0000000080000000, 0x0000000100000000)
  region size 1024K, 10 young (10240K), 10 survivors (10240K)
 Metaspace       used 20715K, capacity 21203K, committed 21296K, reserved 1069056K
  class space    used 2438K, capacity 2649K, committed 2688K, reserved 1048576K
}
Event: 2.596 GC heap before
{Heap before GC invocations=3 (full 0):
 garbage-first heap   total 262144K, used 36098K [0x0000000080000000, 0x0000000100000000)
  region size 1024K, 30 young (30720K), 10 survivors (10240K)
 Metaspace       used 22810K, capacity 23388K, committed 23728K, reserved 1071104K
  class space    used 2829K, capacity 3017K, committed 3072K, reserved 1048576K
}
Event: 2.602 GC heap after
{Heap after GC invocations=4 (full 0):
 garbage-first heap   total 262144K, used 17185K [0x0000000080000000, 0x0000000100000000)
  region size 1024K, 2 young (2048K), 2 survivors (2048K)
 Metaspace       used 22810K, capacity 23388K, committed 23728K, reserved 1071104K
  class space    used 2829K, capacity 3017K, committed 3072K, reserved 1048576K
}
Event: 3.472 GC heap before
{Heap before GC invocations=4 (full 0):
 garbage-first heap   total 262144K, used 99105K [0x0000000080000000, 0x0000000100000000)
  region size 1024K, 73 young (74752K), 2 survivors (2048K)
 Metaspace       used 31308K, capacity 32064K, committed 32304K, reserved 1077248K
  class space    used 4120K, capacity 4422K, committed 4480K, reserved 1048576K
}
Event: 3.476 GC heap after
{Heap after GC invocations=5 (full 0):
 garbage-first heap   total 262144K, used 32944K [0x0000000080000000, 0x0000000100000000)
  region size 1024K, 7 young (7168K), 7 survivors (7168K)
 Metaspace       used 31308K, capacity 32064K, committed 32304K, reserved 1077248K
  class space    used 4120K, capacity 4422K, committed 4480K, reserved 1048576K
}
Event: 3.624 GC heap before
{Heap before GC invocations=5 (full 0):
 garbage-first heap   total 262144K, used 42160K [0x0000000080000000, 0x0000000100000000)
  region size 1024K, 17 young (17408K), 7 survivors (7168K)
 Metaspace       used 35039K, capacity 35796K, committed 35920K, reserved 1081344K
  class space    used 4474K, capacity 4794K, committed 4864K, reserved 1048576K
}
Event: 3.630 GC heap after
{Heap after GC invocations=6 (full 0):
 garbage-first heap   total 262144K, used 34222K [0x0000000080000000, 0x0000000100000000)
  region size 1024K, 8 young (8192K), 8 survivors (8192K)
 Metaspace       used 35039K, capacity 35796K, committed 35920K, reserved 1081344K
  class space    used 4474K, capacity 4794K, committed 4864K, reserved 1048576K
}
Event: 4.313 GC heap before
{Heap before GC invocations=7 (full 0):
 garbage-first heap   total 262144K, used 130478K [0x0000000080000000, 0x0000000100000000)
  region size 1024K, 100 young (102400K), 8 survivors (8192K)
 Metaspace       used 39268K, capacity 40154K, committed 40272K, reserved 1085440K
  class space    used 4979K, capacity 5310K, committed 5376K, reserved 1048576K
}
Event: 4.324 GC heap after
{Heap after GC invocations=8 (full 0):
 garbage-first heap   total 262144K, used 50799K [0x0000000080000000, 0x0000000100000000)
  region size 1024K, 13 young (13312K), 13 survivors (13312K)
 Metaspace       used 39268K, capacity 40154K, committed 40272K, reserved 1085440K
  class space    used 4979K, capacity 5310K, committed 5376K, reserved 1048576K
}
Event: 4.725 GC heap before
{Heap before GC invocations=8 (full 0):
 garbage-first heap   total 262144K, used 161391K [0x0000000080000000, 0x0000000100000000)
  region size 1024K, 121 young (123904K), 13 survivors (13312K)
 Metaspace       used 39299K, capacity 40218K, committed 40528K, reserved 1085440K
  class space    used 4982K, capacity 5310K, committed 5376K, reserved 1048576K
}
Event: 4.737 GC heap after
{Heap after GC invocations=9 (full 0):
 garbage-first heap   total 262144K, used 68871K [0x0000000080000000, 0x0000000100000000)
  region size 1024K, 16 young (16384K), 16 survivors (16384K)
 Metaspace       used 39299K, capacity 40218K, committed 40528K, reserved 1085440K
  class space    used 4982K, capacity 5310K, committed 5376K, reserved 1048576K
}
Event: 5.031 GC heap before
{Heap before GC invocations=9 (full 0):
 garbage-first heap   total 262144K, used 163079K [0x0000000080000000, 0x0000000100000000)
  region size 1024K, 108 young (110592K), 16 survivors (16384K)
 Metaspace       used 39300K, capacity 40218K, committed 40528K, reserved 1085440K
  class space    used 4982K, capacity 5310K, committed 5376K, reserved 1048576K
}
Event: 5.039 GC heap after
{Heap after GC invocations=10 (full 0):
 garbage-first heap   total 262144K, used 82579K [0x0000000080000000, 0x0000000100000000)
  region size 1024K, 14 young (14336K), 14 survivors (14336K)
 Metaspace       used 39300K, capacity 40218K, committed 40528K, reserved 1085440K
  class space    used 4982K, capacity 5310K, committed 5376K, reserved 1048576K
}
Event: 5.804 GC heap before
{Heap before GC invocations=10 (full 0):
 garbage-first heap   total 262144K, used 169619K [0x0000000080000000, 0x0000000100000000)
  region size 1024K, 99 young (101376K), 14 survivors (14336K)
 Metaspace       used 39759K, capacity 40750K, committed 40784K, reserved 1085440K
  class space    used 5031K, capacity 5365K, committed 5376K, reserved 1048576K
}

Deoptimization events (20 events):
Event: 5.778 Thread 0x000001642904f000 Uncommon trap: trap_request=0xffffffde fr.pc=0x0000016416d7481c relative=0x000000000000067c
Event: 5.778 Thread 0x000001642904f000 Uncommon trap: reason=class_check action=maybe_recompile pc=0x0000016416d7481c method=sun.security.provider.DigestBase.engineDigest([BII)I @ 97 c2
Event: 5.778 Thread 0x000001642904f000 DEOPT PACKING pc=0x0000016416d7481c sp=0x0000005c2bafc650
Event: 5.778 Thread 0x000001642904f000 DEOPT UNPACKING pc=0x000001640f1178af sp=0x0000005c2bafc640 mode 2
Event: 5.782 Thread 0x000001642904f000 Uncommon trap: trap_request=0xffffffde fr.pc=0x0000016416c6afc8 relative=0x00000000000001a8
Event: 5.782 Thread 0x000001642904f000 Uncommon trap: reason=class_check action=maybe_recompile pc=0x0000016416c6afc8 method=java.lang.String.equals(Ljava/lang/Object;)Z @ 8 c2
Event: 5.782 Thread 0x000001642904f000 DEOPT PACKING pc=0x0000016416c6afc8 sp=0x0000005c2bafc440
Event: 5.782 Thread 0x000001642904f000 DEOPT UNPACKING pc=0x000001640f1178af sp=0x0000005c2bafc3d8 mode 2
Event: 5.782 Thread 0x000001642904f000 Uncommon trap: trap_request=0xffffffde fr.pc=0x0000016416c6afc8 relative=0x00000000000001a8
Event: 5.782 Thread 0x000001642904f000 Uncommon trap: reason=class_check action=maybe_recompile pc=0x0000016416c6afc8 method=java.lang.String.equals(Ljava/lang/Object;)Z @ 8 c2
Event: 5.782 Thread 0x000001642904f000 DEOPT PACKING pc=0x0000016416c6afc8 sp=0x0000005c2bafc440
Event: 5.782 Thread 0x000001642904f000 DEOPT UNPACKING pc=0x000001640f1178af sp=0x0000005c2bafc3d8 mode 2
Event: 5.782 Thread 0x000001642904f000 Uncommon trap: trap_request=0xffffffde fr.pc=0x0000016416c6afc8 relative=0x00000000000001a8
Event: 5.782 Thread 0x000001642904f000 Uncommon trap: reason=class_check action=maybe_recompile pc=0x0000016416c6afc8 method=java.lang.String.equals(Ljava/lang/Object;)Z @ 8 c2
Event: 5.782 Thread 0x000001642904f000 DEOPT PACKING pc=0x0000016416c6afc8 sp=0x0000005c2bafc440
Event: 5.782 Thread 0x000001642904f000 DEOPT UNPACKING pc=0x000001640f1178af sp=0x0000005c2bafc3d8 mode 2
Event: 5.782 Thread 0x000001642904f000 Uncommon trap: trap_request=0xffffffde fr.pc=0x0000016416c6afc8 relative=0x00000000000001a8
Event: 5.782 Thread 0x000001642904f000 Uncommon trap: reason=class_check action=maybe_recompile pc=0x0000016416c6afc8 method=java.lang.String.equals(Ljava/lang/Object;)Z @ 8 c2
Event: 5.782 Thread 0x000001642904f000 DEOPT PACKING pc=0x0000016416c6afc8 sp=0x0000005c2bafc440
Event: 5.782 Thread 0x000001642904f000 DEOPT UNPACKING pc=0x000001640f1178af sp=0x0000005c2bafc3d8 mode 2

Classes redefined (0 events):
No events

Internal exceptions (20 events):
Event: 3.666 Thread 0x000001642904f000 Exception <a 'java/lang/ClassNotFoundException'{0x000000008fcd9800}: org/gradle/internal/extensibility/DefaultExtraPropertiesExtensionBeanInfo> (0x000000008fcd9800) thrown at [./src/hotspot/share/classfile/systemDictionary.cpp, line 231]
Event: 3.667 Thread 0x000001642904f000 Exception <a 'java/lang/ClassNotFoundException'{0x000000008fcea6c0}: org/gradle/internal/extensibility/DefaultExtraPropertiesExtensionCustomizer> (0x000000008fcea6c0) thrown at [./src/hotspot/share/classfile/systemDictionary.cpp, line 231]
Event: 3.683 Thread 0x000001642904f000 Exception <a 'java/lang/ClassNotFoundException'{0x000000008fa66c10}: groovy/lang/Closure$1BeanInfo> (0x000000008fa66c10) thrown at [./src/hotspot/share/classfile/systemDictionary.cpp, line 231]
Event: 3.683 Thread 0x000001642904f000 Exception <a 'java/lang/ClassNotFoundException'{0x000000008fa7cfb8}: groovy/lang/ClosureBeanInfo> (0x000000008fa7cfb8) thrown at [./src/hotspot/share/classfile/systemDictionary.cpp, line 231]
Event: 3.684 Thread 0x000001642904f000 Exception <a 'java/lang/ClassNotFoundException'{0x000000008fa93558}: groovy/lang/ClosureCustomizer> (0x000000008fa93558) thrown at [./src/hotspot/share/classfile/systemDictionary.cpp, line 231]
Event: 3.686 Thread 0x000001642904f000 Exception <a 'java/lang/ClassNotFoundException'{0x000000008fac7af0}: groovy/lang/Closure$1Customizer> (0x000000008fac7af0) thrown at [./src/hotspot/share/classfile/systemDictionary.cpp, line 231]
Event: 3.776 Thread 0x000001642904f000 Exception <a 'java/lang/ClassNotFoundException'{0x000000008ed42f78}: org/gradle/internal/metaobject/ConfigureDelegateBeanInfo> (0x000000008ed42f78) thrown at [./src/hotspot/share/classfile/systemDictionary.cpp, line 231]
Event: 3.776 Thread 0x000001642904f000 Exception <a 'java/lang/ClassNotFoundException'{0x000000008ed5e650}: org/gradle/internal/metaobject/ConfigureDelegateCustomizer> (0x000000008ed5e650) thrown at [./src/hotspot/share/classfile/systemDictionary.cpp, line 231]
Event: 3.780 Thread 0x000001642904f000 Exception <a 'java/lang/ClassNotFoundException'{0x000000008edb5f18}: org/gradle/api/internal/initialization/DefaultScriptHandlerBeanInfo> (0x000000008edb5f18) thrown at [./src/hotspot/share/classfile/systemDictionary.cpp, line 231]
Event: 3.780 Thread 0x000001642904f000 Exception <a 'java/lang/ClassNotFoundException'{0x000000008edd56d0}: org/gradle/api/internal/initialization/DefaultScriptHandlerCustomizer> (0x000000008edd56d0) thrown at [./src/hotspot/share/classfile/systemDictionary.cpp, line 231]
Event: 3.859 Thread 0x000001642904f000 Exception <a 'java/lang/ClassNotFoundException'{0x000000008e6566a8}: org/gradle/api/internal/artifacts/dsl/dependencies/DefaultDependencyHandler_DecoratedBeanInfo> (0x000000008e6566a8) thrown at [./src/hotspot/share/classfile/systemDictionary.cpp, line 231]
Event: 3.859 Thread 0x000001642904f000 Exception <a 'java/lang/ClassNotFoundException'{0x000000008e687978}: org/gradle/api/internal/artifacts/dsl/dependencies/DefaultDependencyHandlerBeanInfo> (0x000000008e687978) thrown at [./src/hotspot/share/classfile/systemDictionary.cpp, line 231]
Event: 3.860 Thread 0x000001642904f000 Exception <a 'java/lang/ClassNotFoundException'{0x000000008e6b8800}: org/gradle/api/internal/artifacts/dsl/dependencies/DefaultDependencyHandlerCustomizer> (0x000000008e6b8800) thrown at [./src/hotspot/share/classfile/systemDictionary.cpp, line 231]
Event: 3.862 Thread 0x000001642904f000 Exception <a 'java/lang/ClassNotFoundException'{0x000000008e508680}: org/gradle/api/internal/artifacts/dsl/dependencies/DefaultDependencyHandler_DecoratedCustomizer> (0x000000008e508680) thrown at [./src/hotspot/share/classfile/systemDictionary.cpp, line 231]
Event: 3.979 Thread 0x000001642904f000 Exception <a 'java/lang/NoSuchMethodError'{0x000000008db43640}: 'int java.lang.invoke.DirectMethodHandle$Holder.invokeInterface(java.lang.Object, java.lang.Object)'> (0x000000008db43640) thrown at [./src/hotspot/share/interpreter/linkResolver.cpp, line 773]
Event: 3.980 Thread 0x000001642904f000 Exception <a 'java/lang/IncompatibleClassChangeError'{0x000000008db46e78}: Found class java.lang.Object, but interface was expected> (0x000000008db46e78) thrown at [./src/hotspot/share/interpreter/linkResolver.cpp, line 839]
Event: 4.033 Thread 0x000001642904f000 Exception <a 'java/lang/NoSuchMethodError'{0x000000008d7a8770}: 'int java.lang.invoke.DirectMethodHandle$Holder.invokeStaticInit(java.lang.Object)'> (0x000000008d7a8770) thrown at [./src/hotspot/share/interpreter/linkResolver.cpp, line 773]
Event: 5.354 Thread 0x000001642904f000 Implicit null exception at 0x0000016416d08714 to 0x0000016416d09264
Event: 5.354 Thread 0x000001642904f000 Implicit null exception at 0x0000016416d06c53 to 0x0000016416d07444
Event: 5.752 Thread 0x000001642904f000 Exception <a 'java/lang/OutOfMemoryError'{0x000000008ad44da8}> (0x000000008ad44da8) thrown at [./src/hotspot/share/prims/jni.cpp, line 636]

Events (20 events):
Event: 5.798 loading class org/gradle/internal/snapshot/SnapshotHierarchy
Event: 5.798 loading class org/gradle/internal/snapshot/SnapshotHierarchy done
Event: 5.798 loading class org/gradle/internal/snapshot/SnapshotHierarchy$DiffCapturingUpdateFunction
Event: 5.798 loading class org/gradle/internal/snapshot/SnapshotHierarchy$DiffCapturingUpdateFunction done
Event: 5.798 loading class org/gradle/internal/snapshot/SnapshotHierarchy$DiffCapturingUpdateFunction
Event: 5.798 loading class org/gradle/internal/snapshot/SnapshotHierarchy$DiffCapturingUpdateFunction done
Event: 5.799 loading class java/util/concurrent/ConcurrentLinkedQueue$Itr
Event: 5.799 loading class java/util/concurrent/ConcurrentLinkedQueue$Itr done
Event: 5.800 Executing VM operation: RevokeBias
Event: 5.800 Executing VM operation: RevokeBias done
Event: 5.800 Thread 0x0000016429366800 Thread exited: 0x0000016429366800
Event: 5.801 Executing VM operation: RevokeBias
Event: 5.801 Executing VM operation: RevokeBias done
Event: 5.801 Thread 0x000001642936d000 Thread exited: 0x000001642936d000
Event: 5.803 loading class org/gradle/execution/PassThruCancellableOperationManager
Event: 5.803 loading class org/gradle/execution/PassThruCancellableOperationManager done
Event: 5.804 Executing VM operation: RevokeBias
Event: 5.804 Executing VM operation: RevokeBias done
Event: 5.804 Thread 0x0000016428827000 Thread exited: 0x0000016428827000
Event: 5.804 Executing VM operation: G1CollectForAllocation


Dynamic libraries:
0x00007ff7a6490000 - 0x00007ff7a649a000 	D:\mysoftware\android-studio-2020.3.1.24-windows\android-studio\jre\bin\java.exe
0x00007fffa6710000 - 0x00007fffa6905000 	C:\Windows\SYSTEM32\ntdll.dll
0x00007fffa4a80000 - 0x00007fffa4b3e000 	C:\Windows\System32\KERNEL32.DLL
0x00007fffa4430000 - 0x00007fffa46f9000 	C:\Windows\System32\KERNELBASE.dll
0x00007fffa3f90000 - 0x00007fffa4090000 	C:\Windows\System32\ucrtbase.dll
0x00007fff9c4f0000 - 0x00007fff9c509000 	D:\mysoftware\android-studio-2020.3.1.24-windows\android-studio\jre\bin\jli.dll
0x00007fff97cc0000 - 0x00007fff97cd7000 	D:\mysoftware\android-studio-2020.3.1.24-windows\android-studio\jre\bin\VCRUNTIME140.dll
0x00007fffa57b0000 - 0x00007fffa5951000 	C:\Windows\System32\USER32.dll
0x00007fffa4730000 - 0x00007fffa4752000 	C:\Windows\System32\win32u.dll
0x00007fff94ae0000 - 0x00007fff94d7a000 	C:\Windows\WinSxS\amd64_microsoft.windows.common-controls_6595b64144ccf1df_6.0.19041.1110_none_60b5254171f9507e\COMCTL32.dll
0x00007fffa4a50000 - 0x00007fffa4a7b000 	C:\Windows\System32\GDI32.dll
0x00007fffa4990000 - 0x00007fffa4a2e000 	C:\Windows\System32\msvcrt.dll
0x00007fffa4180000 - 0x00007fffa428b000 	C:\Windows\System32\gdi32full.dll
0x00007fffa4290000 - 0x00007fffa432d000 	C:\Windows\System32\msvcp_win.dll
0x00007fffa4b40000 - 0x00007fffa4b70000 	C:\Windows\System32\IMM32.DLL
0x00007fff5c620000 - 0x00007fff5c6bd000 	D:\mysoftware\android-studio-2020.3.1.24-windows\android-studio\jre\bin\msvcp140.dll
0x00007fff56ea0000 - 0x00007fff5796f000 	D:\mysoftware\android-studio-2020.3.1.24-windows\android-studio\jre\bin\server\jvm.dll
0x00007fffa5e30000 - 0x00007fffa5edc000 	C:\Windows\System32\ADVAPI32.dll
0x00007fffa4890000 - 0x00007fffa492b000 	C:\Windows\System32\sechost.dll
0x00007fffa4e10000 - 0x00007fffa4f3a000 	C:\Windows\System32\RPCRT4.dll
0x00007fffa4be0000 - 0x00007fffa4be8000 	C:\Windows\System32\PSAPI.DLL
0x00007fffa1bd0000 - 0x00007fffa1bd9000 	C:\Windows\SYSTEM32\WSOCK32.dll
0x00007fffa4c70000 - 0x00007fffa4cdb000 	C:\Windows\System32\WS2_32.dll
0x00007fffa1cc0000 - 0x00007fffa1cca000 	C:\Windows\SYSTEM32\VERSION.dll
0x00007fff9bc50000 - 0x00007fff9bc77000 	C:\Windows\SYSTEM32\WINMM.dll
0x00007fffa26b0000 - 0x00007fffa26c2000 	C:\Windows\SYSTEM32\kernel.appcore.dll
0x00007fffa1bb0000 - 0x00007fffa1bc1000 	D:\mysoftware\android-studio-2020.3.1.24-windows\android-studio\jre\bin\verify.dll
0x00007fff92660000 - 0x00007fff92844000 	C:\Windows\SYSTEM32\DBGHELP.DLL
0x00007fff91de0000 - 0x00007fff91e0c000 	C:\Windows\SYSTEM32\dbgcore.DLL
0x00007fffa40f0000 - 0x00007fffa4173000 	C:\Windows\System32\bcryptPrimitives.dll
0x00007fff9c2e0000 - 0x00007fff9c309000 	D:\mysoftware\android-studio-2020.3.1.24-windows\android-studio\jre\bin\java.dll
0x00007fff9f620000 - 0x00007fff9f62b000 	D:\mysoftware\android-studio-2020.3.1.24-windows\android-studio\jre\bin\jimage.dll
0x00007fff9f1c0000 - 0x00007fff9f1d8000 	D:\mysoftware\android-studio-2020.3.1.24-windows\android-studio\jre\bin\zip.dll
0x00007fffa5f90000 - 0x00007fffa66cf000 	C:\Windows\System32\SHELL32.dll
0x00007fffa1f10000 - 0x00007fffa26a0000 	C:\Windows\SYSTEM32\windows.storage.dll
0x00007fffa53c0000 - 0x00007fffa5715000 	C:\Windows\System32\combase.dll
0x00007fffa3810000 - 0x00007fffa383c000 	C:\Windows\SYSTEM32\Wldp.dll
0x00007fffa5ee0000 - 0x00007fffa5f8d000 	C:\Windows\System32\SHCORE.dll
0x00007fffa4b80000 - 0x00007fffa4bd5000 	C:\Windows\System32\shlwapi.dll
0x00007fffa3d70000 - 0x00007fffa3d8f000 	C:\Windows\SYSTEM32\profapi.dll
0x00007fff9dcb0000 - 0x00007fff9dcca000 	D:\mysoftware\android-studio-2020.3.1.24-windows\android-studio\jre\bin\net.dll
0x00007fff9b860000 - 0x00007fff9b968000 	C:\Windows\SYSTEM32\WINHTTP.dll
0x00007fffa3570000 - 0x00007fffa35da000 	C:\Windows\system32\mswsock.dll
0x00007fff9dbd0000 - 0x00007fff9dbe4000 	D:\mysoftware\android-studio-2020.3.1.24-windows\android-studio\jre\bin\nio.dll
0x00007fff6ca70000 - 0x00007fff6ca97000 	G:\android\.gradle\native\f6784746aeab05261644944871eae4fe03e0ef1612fff0a4a95f87b438bc6780\windows-amd64\native-platform.dll
0x00007fff9f5e0000 - 0x00007fff9f5ea000 	D:\mysoftware\android-studio-2020.3.1.24-windows\android-studio\jre\bin\management.dll
0x00007fff9c660000 - 0x00007fff9c66c000 	D:\mysoftware\android-studio-2020.3.1.24-windows\android-studio\jre\bin\management_ext.dll
0x00007fffa3760000 - 0x00007fffa3778000 	C:\Windows\SYSTEM32\CRYPTSP.dll
0x00007fffa2ef0000 - 0x00007fffa2f24000 	C:\Windows\system32\rsaenh.dll
0x00007fffa4700000 - 0x00007fffa4727000 	C:\Windows\System32\bcrypt.dll
0x00007fffa3d30000 - 0x00007fffa3d5e000 	C:\Windows\SYSTEM32\USERENV.dll
0x00007fffa3780000 - 0x00007fffa378c000 	C:\Windows\SYSTEM32\CRYPTBASE.dll
0x00007fffa3260000 - 0x00007fffa329b000 	C:\Windows\SYSTEM32\IPHLPAPI.DLL
0x00007fffa5d10000 - 0x00007fffa5d18000 	C:\Windows\System32\NSI.dll
0x00007fff9dfb0000 - 0x00007fff9dfc7000 	C:\Windows\SYSTEM32\dhcpcsvc6.DLL
0x00007fff9df90000 - 0x00007fff9dfad000 	C:\Windows\SYSTEM32\dhcpcsvc.DLL
0x00007fffa32a0000 - 0x00007fffa336c000 	C:\Windows\SYSTEM32\DNSAPI.dll
0x00007fff9ded0000 - 0x00007fff9dedb000 	C:\Windows\SYSTEM32\WINNSI.DLL

dbghelp: loaded successfully - version: 4.0.5 - missing functions: none
symbol engine: initialized successfully - sym options: 0x614 - pdb path: .;D:\mysoftware\android-studio-2020.3.1.24-windows\android-studio\jre\bin;C:\Windows\SYSTEM32;C:\Windows\WinSxS\amd64_microsoft.windows.common-controls_6595b64144ccf1df_6.0.19041.1110_none_60b5254171f9507e;D:\mysoftware\android-studio-2020.3.1.24-windows\android-studio\jre\bin\server;G:\android\.gradle\native\f6784746aeab05261644944871eae4fe03e0ef1612fff0a4a95f87b438bc6780\windows-amd64

VM Arguments:
jvm_args: --add-opens=java.base/java.util=ALL-UNNAMED --add-opens=java.base/java.lang=ALL-UNNAMED --add-opens=java.base/java.lang.invoke=ALL-UNNAMED --add-opens=java.prefs/java.util.prefs=ALL-UNNAMED -Xmx2048m -Dfile.encoding=GBK -Duser.country -Duser.language=en -Duser.variant 
java_command: org.gradle.launcher.daemon.bootstrap.GradleDaemon 6.5
java_class_path (initial): G:\android\.gradle\wrapper\dists\gradle-6.5-all\2oz4ud9k3tuxjg84bbf55q0tn\gradle-6.5\lib\gradle-launcher-6.5.jar
Launcher Type: SUN_STANDARD

[Global flags]
     intx CICompilerCount                          = 4                                         {product} {ergonomic}
     uint ConcGCThreads                            = 3                                         {product} {ergonomic}
     uint G1ConcRefinementThreads                  = 10                                        {product} {ergonomic}
   size_t G1HeapRegionSize                         = 1048576                                   {product} {ergonomic}
    uintx GCDrainStackTargetSize                   = 64                                        {product} {ergonomic}
   size_t InitialHeapSize                          = 268435456                                 {product} {ergonomic}
   size_t MarkStackSize                            = 4194304                                   {product} {ergonomic}
   size_t MaxHeapSize                              = 2147483648                                {product} {command line}
   size_t MaxNewSize                               = 1287651328                                {product} {ergonomic}
   size_t MinHeapDeltaBytes                        = 1048576                                   {product} {ergonomic}
    uintx NonNMethodCodeHeapSize                   = 5836300                                {pd product} {ergonomic}
    uintx NonProfiledCodeHeapSize                  = 122910970                              {pd product} {ergonomic}
    uintx ProfiledCodeHeapSize                     = 122910970                              {pd product} {ergonomic}
    uintx ReservedCodeCacheSize                    = 251658240                              {pd product} {ergonomic}
     bool SegmentedCodeCache                       = true                                      {product} {ergonomic}
     bool UseCompressedClassPointers               = true                                 {lp64_product} {ergonomic}
     bool UseCompressedOops                        = true                                 {lp64_product} {ergonomic}
     bool UseG1GC                                  = true                                      {product} {ergonomic}
     bool UseLargePagesIndividualAllocation        = false                                  {pd product} {ergonomic}

Logging:
Log output configuration:
 #0: stdout all=warning uptime,level,tags
 #1: stderr all=off uptime,level,tags

Environment Variables:
JAVA_HOME=E:\myprogram\Java\jdk1.8.0_91
PATH=C:\Python310\Scripts\;C:\Python310\;E:\myprogram\VMware\VMware Workstation\bin\;C:\Windows\system32;C:\Windows;C:\Windows\System32\Wbem;C:\Windows\System32\WindowsPowerShell\v1.0\;C:\Windows\System32\OpenSSH\;C:\Program Files (x86)\ATI Technologies\ATI.ACE\Core-Static;D:\mysoftware\微信web开发者工具\dll;%JAVA_;OME%\bin;D:\mysoftware\git\bin;C:\phpEnv\php\php-7.4;C:\Program Files\nodejs\;C:\ProgramData\chocolatey\bin;D:\android\sdk\platform-tools;D:\android\flutter\bin;C:\composer;C:\Users\Administrator\AppData\Local\Microsoft\WindowsApps;C:\Users\Administrator\AppData\Local\GitHubDesktop\bin;D:\mysoftware\Fiddler;C:\Users\Administrator\AppData\Roaming\Composer\vendor\bin;C:\Users\Administrator\AppData\Roaming\npm;C:\phpEnv\php\php-7.4\;C:\phpEnv\server\mysql\mysql-5.7\bin\;C:\phpEnv\tools\Composer\;D:\mysoftware\Microsoft VS Code\bin
USERNAME=Administrator
OS=Windows_NT
PROCESSOR_IDENTIFIER=AMD64 Family 23 Model 1 Stepping 1, AuthenticAMD



---------------  S Y S T E M  ---------------

OS: Windows 10 , 64 bit Build 19041 (10.0.19041.1202)
OS uptime: 2 days 0:27 hours

CPU:total 12 (initial active 12) (12 cores per cpu, 2 threads per core) family 23 model 1 stepping 1 microcode 0x0, cmov, cx8, fxsr, mmx, sse, sse2, sse3, ssse3, sse4.1, sse4.2, popcnt, avx, avx2, aes, clmul, mmxext, 3dnowpref, lzcnt, sse4a, ht, tsc, tscinvbit, tscinv, bmi1, bmi2, adx, s

Memory: 4k page, system-wide physical 16335M (2562M free)
TotalPageFile size 16335M (AvailPageFile size 4M)
current process WorkingSet (physical memory assigned to process): 347M, peak: 524M
current process commit charge ("private bytes"): 429M, peak: 809M

vm_info: OpenJDK 64-Bit Server VM (11.0.10+0-b96-7249189) for windows-amd64 JRE (11.0.10+0-b96-7249189), built on Mar 31 2021 21:44:00 by "builder" with MS VC++ 14.0 (VS2015)

END.
